d:/edk2/edk2/Build/OvmfX64/RELEASE_VS2019/X64/MdeModulePkg/Core/Dxe/DxeMain/OUTPUT/DxeCore.lib
d:/edk2/edk2/Build/OvmfX64/RELEASE_VS2019/X64/MdePkg/Library/RegisterFilterLibNull/RegisterFilterLibNull/OUTPUT/FilterLibNull.lib
d:/edk2/edk2/Build/OvmfX64/RELEASE_VS2019/X64/UefiCpuPkg/Library/BaseUefiCpuLib/BaseUefiCpuLib/OUTPUT/BaseUefiCpuLib.lib
d:/edk2/edk2/Build/OvmfX64/RELEASE_VS2019/X64/MdePkg/Library/BaseIoLibIntrinsic/BaseIoLibIntrinsicSev/OUTPUT/BaseIoLibIntrinsicSev.lib
d:/edk2/edk2/Build/OvmfX64/RELEASE_VS2019/X64/MdePkg/Library/BaseCpuLib/BaseCpuLib/OUTPUT/BaseCpuLib.lib
d:/edk2/edk2/Build/OvmfX64/RELEASE_VS2019/X64/OvmfPkg/Library/BaseMemEncryptSevLib/DxeMemEncryptSevLib/OUTPUT/DxeMemEncryptSevLib.lib
d:/edk2/edk2/Build/OvmfX64/RELEASE_VS2019/X64/OvmfPkg/Library/VmgExitLib/VmgExitLib/OUTPUT/VmgExitLib.lib
d:/edk2/edk2/Build/OvmfX64/RELEASE_VS2019/X64/UefiCpuPkg/Library/BaseXApicX2ApicLib/BaseXApicX2ApicLib/OUTPUT/BaseXApicX2ApicLib.lib
d:/edk2/edk2/Build/OvmfX64/RELEASE_VS2019/X64/MdePkg/Library/DxePcdLib/DxePcdLib/OUTPUT/DxePcdLib.lib
d:/edk2/edk2/Build/OvmfX64/RELEASE_VS2019/X64/MdeModulePkg/Library/DxeCoreMemoryAllocationLib/DxeCoreMemoryAllocationLib/OUTPUT/DxeCoreMemoryAllocationLib.lib
d:/edk2/edk2/Build/OvmfX64/RELEASE_VS2019/X64/MdePkg/Library/BaseLib/BaseLib/OUTPUT/BaseLib.lib
d:/edk2/edk2/Build/OvmfX64/RELEASE_VS2019/X64/MdePkg/Library/BaseCacheMaintenanceLib/BaseCacheMaintenanceLib/OUTPUT/BaseCacheMaintenanceLib.lib
d:/edk2/edk2/Build/OvmfX64/RELEASE_VS2019/X64/MdePkg/Library/BaseMemoryLibRepStr/BaseMemoryLibRepStr/OUTPUT/BaseMemoryLibRepStr.lib
d:/edk2/edk2/Build/OvmfX64/RELEASE_VS2019/X64/MdePkg/Library/BaseDebugPrintErrorLevelLib/BaseDebugPrintErrorLevelLib/OUTPUT/BaseDebugPrintErrorLevelLib.lib
d:/edk2/edk2/Build/OvmfX64/RELEASE_VS2019/X64/MdePkg/Library/BasePrintLib/BasePrintLib/OUTPUT/BasePrintLib.lib
d:/edk2/edk2/Build/OvmfX64/RELEASE_VS2019/X64/OvmfPkg/Library/PlatformDebugLibIoPort/PlatformDebugLibIoPort/OUTPUT/PlatformDebugLibIoPort.lib
d:/edk2/edk2/Build/OvmfX64/RELEASE_VS2019/X64/MdePkg/Library/BasePciCf8Lib/BasePciCf8Lib/OUTPUT/BasePciCf8Lib.lib
d:/edk2/edk2/Build/OvmfX64/RELEASE_VS2019/X64/MdePkg/Library/BasePciLibCf8/BasePciLibCf8/OUTPUT/BasePciLibCf8.lib
d:/edk2/edk2/Build/OvmfX64/RELEASE_VS2019/X64/OvmfPkg/Library/AcpiTimerLib/BaseAcpiTimerLib/OUTPUT/BaseAcpiTimerLib.lib
d:/edk2/edk2/Build/OvmfX64/RELEASE_VS2019/X64/MdePkg/Library/UefiBootServicesTableLib/UefiBootServicesTableLib/OUTPUT/UefiBootServicesTableLib.lib
d:/edk2/edk2/Build/OvmfX64/RELEASE_VS2019/X64/MdePkg/Library/UefiRuntimeServicesTableLib/UefiRuntimeServicesTableLib/OUTPUT/UefiRuntimeServicesTableLib.lib
d:/edk2/edk2/Build/OvmfX64/RELEASE_VS2019/X64/MdePkg/Library/UefiDevicePathLib/UefiDevicePathLib/OUTPUT/UefiDevicePathLib.lib
d:/edk2/edk2/Build/OvmfX64/RELEASE_VS2019/X64/MdePkg/Library/DxeCoreEntryPoint/DxeCoreEntryPoint/OUTPUT/DxeCoreEntryPoint.lib
d:/edk2/edk2/Build/OvmfX64/RELEASE_VS2019/X64/PcAtChipsetPkg/Library/SerialIoLib/SerialIoLib/OUTPUT/PcAtSerialPortLib.lib
d:/edk2/edk2/Build/OvmfX64/RELEASE_VS2019/X64/SourceLevelDebugPkg/Library/PeCoffExtraActionLibDebug/PeCoffExtraActionLibDebug/OUTPUT/PeCoffExtraActionLib.lib
d:/edk2/edk2/Build/OvmfX64/RELEASE_VS2019/X64/MdePkg/Library/UefiLib/UefiLib/OUTPUT/UefiLib.lib
d:/edk2/edk2/Build/OvmfX64/RELEASE_VS2019/X64/MdePkg/Library/DxeCoreHobLib/DxeCoreHobLib/OUTPUT/DxeCoreHobLib.lib
d:/edk2/edk2/Build/OvmfX64/RELEASE_VS2019/X64/SourceLevelDebugPkg/Library/DebugCommunicationLibSerialPort/DebugCommunicationLibSerialPort/OUTPUT/DebugCommunicationLibSerialPort.lib
d:/edk2/edk2/Build/OvmfX64/RELEASE_VS2019/X64/OvmfPkg/Library/ResetSystemLib/BaseResetSystemLib/OUTPUT/BaseResetSystemLib.lib
d:/edk2/edk2/Build/OvmfX64/RELEASE_VS2019/X64/MdePkg/Library/BaseSynchronizationLib/BaseSynchronizationLib/OUTPUT/BaseSynchronizationLib.lib
d:/edk2/edk2/Build/OvmfX64/RELEASE_VS2019/X64/MdePkg/Library/BasePeCoffGetEntryPointLib/BasePeCoffGetEntryPointLib/OUTPUT/BasePeCoffGetEntryPointLib.lib
d:/edk2/edk2/Build/OvmfX64/RELEASE_VS2019/X64/MdePkg/Library/DxeExtractGuidedSectionLib/DxeExtractGuidedSectionLib/OUTPUT/DxeExtractGuidedSectionLib.lib
d:/edk2/edk2/Build/OvmfX64/RELEASE_VS2019/X64/MdePkg/Library/BaseUefiDecompressLib/BaseUefiDecompressLib/OUTPUT/BaseUefiDecompressLib.lib
d:/edk2/edk2/Build/OvmfX64/RELEASE_VS2019/X64/MdePkg/Library/BasePerformanceLibNull/BasePerformanceLibNull/OUTPUT/BasePerformanceLibNull.lib
d:/edk2/edk2/Build/OvmfX64/RELEASE_VS2019/X64/MdePkg/Library/BasePeCoffLib/BasePeCoffLib/OUTPUT/BasePeCoffLib.lib
d:/edk2/edk2/Build/OvmfX64/RELEASE_VS2019/X64/MdeModulePkg/Library/DxeReportStatusCodeLib/DxeReportStatusCodeLib/OUTPUT/DxeReportStatusCodeLib.lib
d:/edk2/edk2/Build/OvmfX64/RELEASE_VS2019/X64/MdePkg/Library/DxeServicesLib/DxeServicesLib/OUTPUT/DxeServicesLib.lib
d:/edk2/edk2/Build/OvmfX64/RELEASE_VS2019/X64/SourceLevelDebugPkg/Library/DebugAgent/DxeDebugAgentLib/OUTPUT/DxeDebugAgentLib.lib
d:/edk2/edk2/Build/OvmfX64/RELEASE_VS2019/X64/UefiCpuPkg/Library/CpuExceptionHandlerLib/DxeCpuExceptionHandlerLib/OUTPUT/DxeCpuExceptionHandlerLib.lib
d:/edk2/edk2/Build/OvmfX64/RELEASE_VS2019/X64/MdeModulePkg/Library/LzmaCustomDecompressLib/LzmaCustomDecompressLib/OUTPUT/LzmaDecompressLib.lib