d:/edk2/edk2/Build/OvmfX64/DEBUG_VS2019/X64/OvmfPkg/AcpiPlatformDxe/AcpiPlatformDxe/OUTPUT/QemuFwCfgAcpiPlatform.lib
d:/edk2/edk2/Build/OvmfX64/DEBUG_VS2019/X64/MdePkg/Library/RegisterFilterLibNull/RegisterFilterLibNull/OUTPUT/FilterLibNull.lib
d:/edk2/edk2/Build/OvmfX64/DEBUG_VS2019/X64/UefiCpuPkg/Library/BaseUefiCpuLib/BaseUefiCpuLib/OUTPUT/BaseUefiCpuLib.lib
d:/edk2/edk2/Build/OvmfX64/DEBUG_VS2019/X64/UefiCpuPkg/Library/BaseXApicX2ApicLib/BaseXApicX2ApicLib/OUTPUT/BaseXApicX2ApicLib.lib
d:/edk2/edk2/Build/OvmfX64/DEBUG_VS2019/X64/OvmfPkg/Library/VmgExitLib/VmgExitLib/OUTPUT/VmgExitLib.lib
d:/edk2/edk2/Build/OvmfX64/DEBUG_VS2019/X64/MdePkg/Library/BaseCpuLib/BaseCpuLib/OUTPUT/BaseCpuLib.lib
d:/edk2/edk2/Build/OvmfX64/DEBUG_VS2019/X64/MdePkg/Library/BaseCacheMaintenanceLib/BaseCacheMaintenanceLib/OUTPUT/BaseCacheMaintenanceLib.lib
d:/edk2/edk2/Build/OvmfX64/DEBUG_VS2019/X64/OvmfPkg/Library/BaseMemEncryptSevLib/DxeMemEncryptSevLib/OUTPUT/DxeMemEncryptSevLib.lib
d:/edk2/edk2/Build/OvmfX64/DEBUG_VS2019/X64/MdePkg/Library/BaseIoLibIntrinsic/BaseIoLibIntrinsicSev/OUTPUT/BaseIoLibIntrinsicSev.lib
d:/edk2/edk2/Build/OvmfX64/DEBUG_VS2019/X64/MdePkg/Library/DxePcdLib/DxePcdLib/OUTPUT/DxePcdLib.lib
d:/edk2/edk2/Build/OvmfX64/DEBUG_VS2019/X64/MdePkg/Library/UefiMemoryAllocationLib/UefiMemoryAllocationLib/OUTPUT/UefiMemoryAllocationLib.lib
d:/edk2/edk2/Build/OvmfX64/DEBUG_VS2019/X64/MdePkg/Library/BaseMemoryLibRepStr/BaseMemoryLibRepStr/OUTPUT/BaseMemoryLibRepStr.lib
d:/edk2/edk2/Build/OvmfX64/DEBUG_VS2019/X64/MdePkg/Library/BaseLib/BaseLib/OUTPUT/BaseLib.lib
d:/edk2/edk2/Build/OvmfX64/DEBUG_VS2019/X64/MdePkg/Library/BaseDebugPrintErrorLevelLib/BaseDebugPrintErrorLevelLib/OUTPUT/BaseDebugPrintErrorLevelLib.lib
d:/edk2/edk2/Build/OvmfX64/DEBUG_VS2019/X64/MdePkg/Library/BasePrintLib/BasePrintLib/OUTPUT/BasePrintLib.lib
d:/edk2/edk2/Build/OvmfX64/DEBUG_VS2019/X64/PcAtChipsetPkg/Library/SerialIoLib/SerialIoLib/OUTPUT/PcAtSerialPortLib.lib
d:/edk2/edk2/Build/OvmfX64/DEBUG_VS2019/X64/MdePkg/Library/BaseDebugLibSerialPort/BaseDebugLibSerialPort/OUTPUT/BaseDebugLibSerialPort.lib
d:/edk2/edk2/Build/OvmfX64/DEBUG_VS2019/X64/MdePkg/Library/UefiBootServicesTableLib/UefiBootServicesTableLib/OUTPUT/UefiBootServicesTableLib.lib
d:/edk2/edk2/Build/OvmfX64/DEBUG_VS2019/X64/MdePkg/Library/BasePciExpressLib/BasePciExpressLib/OUTPUT/BasePciExpressLib.lib
d:/edk2/edk2/Build/OvmfX64/DEBUG_VS2019/X64/MdePkg/Library/BasePciCf8Lib/BasePciCf8Lib/OUTPUT/BasePciCf8Lib.lib
d:/edk2/edk2/Build/OvmfX64/DEBUG_VS2019/X64/OvmfPkg/Library/DxePciLibI440FxQ35/DxePciLibI440FxQ35/OUTPUT/DxePciLibI440FxQ35.lib
d:/edk2/edk2/Build/OvmfX64/DEBUG_VS2019/X64/OvmfPkg/Library/AcpiTimerLib/DxeAcpiTimerLib/OUTPUT/DxeAcpiTimerLib.lib
d:/edk2/edk2/Build/OvmfX64/DEBUG_VS2019/X64/OvmfPkg/Library/QemuFwCfgLib/QemuFwCfgDxeLib/OUTPUT/QemuFwCfgDxeLib.lib
d:/edk2/edk2/Build/OvmfX64/DEBUG_VS2019/X64/MdePkg/Library/BaseOrderedCollectionRedBlackTreeLib/BaseOrderedCollectionRedBlackTreeLib/OUTPUT/BaseOrderedCollectionRedBlackTreeLib.lib
d:/edk2/edk2/Build/OvmfX64/DEBUG_VS2019/X64/OvmfPkg/Library/QemuFwCfgS3Lib/DxeQemuFwCfgS3LibFwCfg/OUTPUT/DxeQemuFwCfgS3LibFwCfg.lib
d:/edk2/edk2/Build/OvmfX64/DEBUG_VS2019/X64/MdePkg/Library/UefiDriverEntryPoint/UefiDriverEntryPoint/OUTPUT/UefiDriverEntryPoint.lib