d:/edk2/edk2/Build/OvmfX64/RELEASE_VS2019/X64/NetworkPkg/IScsiDxe/IScsiDxe/OUTPUT/IScsiDxe.lib
d:/edk2/edk2/Build/OvmfX64/RELEASE_VS2019/X64/MdePkg/Library/RegisterFilterLibNull/RegisterFilterLibNull/OUTPUT/FilterLibNull.lib
d:/edk2/edk2/Build/OvmfX64/RELEASE_VS2019/X64/MdePkg/Library/DxePcdLib/DxePcdLib/OUTPUT/DxePcdLib.lib
d:/edk2/edk2/Build/OvmfX64/RELEASE_VS2019/X64/MdePkg/Library/BaseMemoryLibRepStr/BaseMemoryLibRepStr/OUTPUT/BaseMemoryLibRepStr.lib
d:/edk2/edk2/Build/OvmfX64/RELEASE_VS2019/X64/MdePkg/Library/BaseLib/BaseLib/OUTPUT/BaseLib.lib
d:/edk2/edk2/Build/OvmfX64/RELEASE_VS2019/X64/MdePkg/Library/BaseDebugPrintErrorLevelLib/BaseDebugPrintErrorLevelLib/OUTPUT/BaseDebugPrintErrorLevelLib.lib
d:/edk2/edk2/Build/OvmfX64/RELEASE_VS2019/X64/MdePkg/Library/BaseIoLibIntrinsic/BaseIoLibIntrinsicSev/OUTPUT/BaseIoLibIntrinsicSev.lib
d:/edk2/edk2/Build/OvmfX64/RELEASE_VS2019/X64/MdePkg/Library/BasePrintLib/BasePrintLib/OUTPUT/BasePrintLib.lib
d:/edk2/edk2/Build/OvmfX64/RELEASE_VS2019/X64/OvmfPkg/Library/PlatformDebugLibIoPort/PlatformDebugLibIoPort/OUTPUT/PlatformDebugLibIoPort.lib
d:/edk2/edk2/Build/OvmfX64/RELEASE_VS2019/X64/MdePkg/Library/UefiBootServicesTableLib/UefiBootServicesTableLib/OUTPUT/UefiBootServicesTableLib.lib
d:/edk2/edk2/Build/OvmfX64/RELEASE_VS2019/X64/MdePkg/Library/BasePciExpressLib/BasePciExpressLib/OUTPUT/BasePciExpressLib.lib
d:/edk2/edk2/Build/OvmfX64/RELEASE_VS2019/X64/MdePkg/Library/BasePciCf8Lib/BasePciCf8Lib/OUTPUT/BasePciCf8Lib.lib
d:/edk2/edk2/Build/OvmfX64/RELEASE_VS2019/X64/OvmfPkg/Library/DxePciLibI440FxQ35/DxePciLibI440FxQ35/OUTPUT/DxePciLibI440FxQ35.lib
d:/edk2/edk2/Build/OvmfX64/RELEASE_VS2019/X64/OvmfPkg/Library/AcpiTimerLib/DxeAcpiTimerLib/OUTPUT/DxeAcpiTimerLib.lib
d:/edk2/edk2/Build/OvmfX64/RELEASE_VS2019/X64/MdePkg/Library/UefiMemoryAllocationLib/UefiMemoryAllocationLib/OUTPUT/UefiMemoryAllocationLib.lib
d:/edk2/edk2/Build/OvmfX64/RELEASE_VS2019/X64/MdePkg/Library/BaseRngLibTimerLib/BaseRngLibTimerLib/OUTPUT/BaseRngLibTimerLib.lib
d:/edk2/edk2/Build/OvmfX64/RELEASE_VS2019/X64/MdePkg/Library/UefiRuntimeServicesTableLib/UefiRuntimeServicesTableLib/OUTPUT/UefiRuntimeServicesTableLib.lib
d:/edk2/edk2/Build/OvmfX64/RELEASE_VS2019/X64/MdePkg/Library/UefiDevicePathLibDevicePathProtocol/UefiDevicePathLibDevicePathProtocol/OUTPUT/UefiDevicePathLibDevicePathProtocol.lib
d:/edk2/edk2/Build/OvmfX64/RELEASE_VS2019/X64/CryptoPkg/Library/IntrinsicLib/IntrinsicLib/OUTPUT/BaseIntrinsicLib.lib
d:/edk2/edk2/Build/OvmfX64/RELEASE_VS2019/X64/CryptoPkg/Library/OpensslLib/OpensslLib/OUTPUT/OpensslLib.lib
d:/edk2/edk2/Build/OvmfX64/RELEASE_VS2019/X64/MdePkg/Library/UefiLib/UefiLib/OUTPUT/UefiLib.lib
d:/edk2/edk2/Build/OvmfX64/RELEASE_VS2019/X64/MdeModulePkg/Library/UefiHiiServicesLib/UefiHiiServicesLib/OUTPUT/UefiHiiServicesLib.lib
d:/edk2/edk2/Build/OvmfX64/RELEASE_VS2019/X64/CryptoPkg/Library/BaseCryptLib/BaseCryptLib/OUTPUT/BaseCryptLib.lib
d:/edk2/edk2/Build/OvmfX64/RELEASE_VS2019/X64/MdeModulePkg/Library/UefiHiiLib/UefiHiiLib/OUTPUT/UefiHiiLib.lib
d:/edk2/edk2/Build/OvmfX64/RELEASE_VS2019/X64/NetworkPkg/Library/DxeNetLib/DxeNetLib/OUTPUT/DxeNetLib.lib
d:/edk2/edk2/Build/OvmfX64/RELEASE_VS2019/X64/MdePkg/Library/BaseSafeIntLib/BaseSafeIntLib/OUTPUT/BaseSafeIntLib.lib
d:/edk2/edk2/Build/OvmfX64/RELEASE_VS2019/X64/NetworkPkg/Library/DxeTcpIoLib/DxeTcpIoLib/OUTPUT/DxeTcpIoLib.lib
d:/edk2/edk2/Build/OvmfX64/RELEASE_VS2019/X64/MdePkg/Library/UefiDriverEntryPoint/UefiDriverEntryPoint/OUTPUT/UefiDriverEntryPoint.lib