d:/edk2/edk2/Build/OvmfX64/DEBUG_VS2019/X64/SecurityPkg/Tcg/TcgPei/TcgPei/OUTPUT/TcgPei.lib
d:/edk2/edk2/Build/OvmfX64/DEBUG_VS2019/X64/MdePkg/Library/RegisterFilterLibNull/RegisterFilterLibNull/OUTPUT/FilterLibNull.lib
d:/edk2/edk2/Build/OvmfX64/DEBUG_VS2019/X64/MdePkg/Library/PeiMemoryAllocationLib/PeiMemoryAllocationLib/OUTPUT/PeiMemoryAllocationLib.lib
d:/edk2/edk2/Build/OvmfX64/DEBUG_VS2019/X64/MdePkg/Library/PeiPcdLib/PeiPcdLib/OUTPUT/PeiPcdLib.lib
d:/edk2/edk2/Build/OvmfX64/DEBUG_VS2019/X64/MdePkg/Library/BaseLib/BaseLib/OUTPUT/BaseLib.lib
d:/edk2/edk2/Build/OvmfX64/DEBUG_VS2019/X64/MdePkg/Library/PeiServicesTablePointerLibIdt/PeiServicesTablePointerLibIdt/OUTPUT/PeiServicesTablePointerLibIdt.lib
d:/edk2/edk2/Build/OvmfX64/DEBUG_VS2019/X64/MdePkg/Library/BaseMemoryLibRepStr/BaseMemoryLibRepStr/OUTPUT/BaseMemoryLibRepStr.lib
d:/edk2/edk2/Build/OvmfX64/DEBUG_VS2019/X64/MdePkg/Library/PeiServicesLib/PeiServicesLib/OUTPUT/PeiServicesLib.lib
d:/edk2/edk2/Build/OvmfX64/DEBUG_VS2019/X64/MdePkg/Library/PeiHobLib/PeiHobLib/OUTPUT/PeiHobLib.lib
d:/edk2/edk2/Build/OvmfX64/DEBUG_VS2019/X64/MdePkg/Library/BaseIoLibIntrinsic/BaseIoLibIntrinsicSev/OUTPUT/BaseIoLibIntrinsicSev.lib
d:/edk2/edk2/Build/OvmfX64/DEBUG_VS2019/X64/MdePkg/Library/BaseDebugPrintErrorLevelLib/BaseDebugPrintErrorLevelLib/OUTPUT/BaseDebugPrintErrorLevelLib.lib
d:/edk2/edk2/Build/OvmfX64/DEBUG_VS2019/X64/PcAtChipsetPkg/Library/SerialIoLib/SerialIoLib/OUTPUT/PcAtSerialPortLib.lib
d:/edk2/edk2/Build/OvmfX64/DEBUG_VS2019/X64/MdePkg/Library/BasePrintLib/BasePrintLib/OUTPUT/BasePrintLib.lib
d:/edk2/edk2/Build/OvmfX64/DEBUG_VS2019/X64/MdePkg/Library/BaseDebugLibSerialPort/BaseDebugLibSerialPort/OUTPUT/BaseDebugLibSerialPort.lib
d:/edk2/edk2/Build/OvmfX64/DEBUG_VS2019/X64/MdePkg/Library/BasePciCf8Lib/BasePciCf8Lib/OUTPUT/BasePciCf8Lib.lib
d:/edk2/edk2/Build/OvmfX64/DEBUG_VS2019/X64/MdePkg/Library/BasePciLibCf8/BasePciLibCf8/OUTPUT/BasePciLibCf8.lib
d:/edk2/edk2/Build/OvmfX64/DEBUG_VS2019/X64/OvmfPkg/Library/AcpiTimerLib/BaseAcpiTimerLib/OUTPUT/BaseAcpiTimerLib.lib
d:/edk2/edk2/Build/OvmfX64/DEBUG_VS2019/X64/MdePkg/Library/BaseRngLibTimerLib/BaseRngLibTimerLib/OUTPUT/BaseRngLibTimerLib.lib
d:/edk2/edk2/Build/OvmfX64/DEBUG_VS2019/X64/CryptoPkg/Library/IntrinsicLib/IntrinsicLib/OUTPUT/BaseIntrinsicLib.lib
d:/edk2/edk2/Build/OvmfX64/DEBUG_VS2019/X64/CryptoPkg/Library/OpensslLib/OpensslLib/OUTPUT/OpensslLib.lib
d:/edk2/edk2/Build/OvmfX64/DEBUG_VS2019/X64/MdeModulePkg/Library/OemHookStatusCodeLibNull/OemHookStatusCodeLibNull/OUTPUT/OemHookStatusCodeLibNull.lib
d:/edk2/edk2/Build/OvmfX64/DEBUG_VS2019/X64/SecurityPkg/Library/Tpm12DeviceLibDTpm/Tpm12DeviceLibDTpm/OUTPUT/Tpm12DeviceLibDTpm.lib
d:/edk2/edk2/Build/OvmfX64/DEBUG_VS2019/X64/MdePkg/Library/PeimEntryPoint/PeimEntryPoint/OUTPUT/PeimEntryPoint.lib
d:/edk2/edk2/Build/OvmfX64/DEBUG_VS2019/X64/CryptoPkg/Library/BaseCryptLib/PeiCryptLib/OUTPUT/PeiCryptLib.lib
d:/edk2/edk2/Build/OvmfX64/DEBUG_VS2019/X64/MdeModulePkg/Library/PeiReportStatusCodeLib/PeiReportStatusCodeLib/OUTPUT/PeiReportStatusCodeLib.lib
d:/edk2/edk2/Build/OvmfX64/DEBUG_VS2019/X64/SecurityPkg/Library/Tpm12CommandLib/Tpm12CommandLib/OUTPUT/Tpm12CommandLib.lib
d:/edk2/edk2/Build/OvmfX64/DEBUG_VS2019/X64/MdePkg/Library/BasePerformanceLibNull/BasePerformanceLibNull/OUTPUT/BasePerformanceLibNull.lib