d:/edk2/edk2/Build/OvmfX64/RELEASE_VS2019/X64/MdeModulePkg/Core/DxeIplPeim/DxeIpl/OUTPUT/DxeIpl.lib
d:/edk2/edk2/Build/OvmfX64/RELEASE_VS2019/X64/MdePkg/Library/RegisterFilterLibNull/RegisterFilterLibNull/OUTPUT/FilterLibNull.lib
d:/edk2/edk2/Build/OvmfX64/RELEASE_VS2019/X64/MdePkg/Library/PeiServicesTablePointerLibIdt/PeiServicesTablePointerLibIdt/OUTPUT/PeiServicesTablePointerLibIdt.lib
d:/edk2/edk2/Build/OvmfX64/RELEASE_VS2019/X64/MdePkg/Library/BaseLib/BaseLib/OUTPUT/BaseLib.lib
d:/edk2/edk2/Build/OvmfX64/RELEASE_VS2019/X64/MdePkg/Library/PeiHobLib/PeiHobLib/OUTPUT/PeiHobLib.lib
d:/edk2/edk2/Build/OvmfX64/RELEASE_VS2019/X64/MdePkg/Library/PeiServicesLib/PeiServicesLib/OUTPUT/PeiServicesLib.lib
d:/edk2/edk2/Build/OvmfX64/RELEASE_VS2019/X64/MdePkg/Library/BaseMemoryLibRepStr/BaseMemoryLibRepStr/OUTPUT/BaseMemoryLibRepStr.lib
d:/edk2/edk2/Build/OvmfX64/RELEASE_VS2019/X64/MdePkg/Library/PeiMemoryAllocationLib/PeiMemoryAllocationLib/OUTPUT/PeiMemoryAllocationLib.lib
d:/edk2/edk2/Build/OvmfX64/RELEASE_VS2019/X64/MdePkg/Library/PeiPcdLib/PeiPcdLib/OUTPUT/PeiPcdLib.lib
d:/edk2/edk2/Build/OvmfX64/RELEASE_VS2019/X64/MdePkg/Library/BaseDebugPrintErrorLevelLib/BaseDebugPrintErrorLevelLib/OUTPUT/BaseDebugPrintErrorLevelLib.lib
d:/edk2/edk2/Build/OvmfX64/RELEASE_VS2019/X64/MdePkg/Library/BasePrintLib/BasePrintLib/OUTPUT/BasePrintLib.lib
d:/edk2/edk2/Build/OvmfX64/RELEASE_VS2019/X64/MdePkg/Library/BaseIoLibIntrinsic/BaseIoLibIntrinsicSev/OUTPUT/BaseIoLibIntrinsicSev.lib
d:/edk2/edk2/Build/OvmfX64/RELEASE_VS2019/X64/OvmfPkg/Library/PlatformDebugLibIoPort/PlatformDebugLibIoPort/OUTPUT/PlatformDebugLibIoPort.lib
d:/edk2/edk2/Build/OvmfX64/RELEASE_VS2019/X64/MdePkg/Library/BasePciCf8Lib/BasePciCf8Lib/OUTPUT/BasePciCf8Lib.lib
d:/edk2/edk2/Build/OvmfX64/RELEASE_VS2019/X64/MdePkg/Library/BasePciLibCf8/BasePciLibCf8/OUTPUT/BasePciLibCf8.lib
d:/edk2/edk2/Build/OvmfX64/RELEASE_VS2019/X64/UefiCpuPkg/Library/BaseUefiCpuLib/BaseUefiCpuLib/OUTPUT/BaseUefiCpuLib.lib
d:/edk2/edk2/Build/OvmfX64/RELEASE_VS2019/X64/OvmfPkg/Library/AcpiTimerLib/BaseAcpiTimerLib/OUTPUT/BaseAcpiTimerLib.lib
d:/edk2/edk2/Build/OvmfX64/RELEASE_VS2019/X64/PcAtChipsetPkg/Library/SerialIoLib/SerialIoLib/OUTPUT/PcAtSerialPortLib.lib
d:/edk2/edk2/Build/OvmfX64/RELEASE_VS2019/X64/MdeModulePkg/Library/OemHookStatusCodeLibNull/OemHookStatusCodeLibNull/OUTPUT/OemHookStatusCodeLibNull.lib
d:/edk2/edk2/Build/OvmfX64/RELEASE_VS2019/X64/SourceLevelDebugPkg/Library/PeCoffExtraActionLibDebug/PeCoffExtraActionLibDebug/OUTPUT/PeCoffExtraActionLib.lib
d:/edk2/edk2/Build/OvmfX64/RELEASE_VS2019/X64/MdePkg/Library/BasePeCoffGetEntryPointLib/BasePeCoffGetEntryPointLib/OUTPUT/BasePeCoffGetEntryPointLib.lib
d:/edk2/edk2/Build/OvmfX64/RELEASE_VS2019/X64/UefiCpuPkg/Library/BaseXApicX2ApicLib/BaseXApicX2ApicLib/OUTPUT/BaseXApicX2ApicLib.lib
d:/edk2/edk2/Build/OvmfX64/RELEASE_VS2019/X64/MdePkg/Library/BaseSynchronizationLib/BaseSynchronizationLib/OUTPUT/BaseSynchronizationLib.lib
d:/edk2/edk2/Build/OvmfX64/RELEASE_VS2019/X64/SourceLevelDebugPkg/Library/DebugCommunicationLibSerialPort/DebugCommunicationLibSerialPort/OUTPUT/DebugCommunicationLibSerialPort.lib
d:/edk2/edk2/Build/OvmfX64/RELEASE_VS2019/X64/OvmfPkg/Library/ResetSystemLib/BaseResetSystemLib/OUTPUT/BaseResetSystemLib.lib
d:/edk2/edk2/Build/OvmfX64/RELEASE_VS2019/X64/MdePkg/Library/PeiExtractGuidedSectionLib/PeiExtractGuidedSectionLib/OUTPUT/PeiExtractGuidedSectionLib.lib
d:/edk2/edk2/Build/OvmfX64/RELEASE_VS2019/X64/MdePkg/Library/BaseUefiDecompressLib/BaseUefiDecompressLib/OUTPUT/BaseUefiDecompressLib.lib
d:/edk2/edk2/Build/OvmfX64/RELEASE_VS2019/X64/MdeModulePkg/Library/PeiReportStatusCodeLib/PeiReportStatusCodeLib/OUTPUT/PeiReportStatusCodeLib.lib
d:/edk2/edk2/Build/OvmfX64/RELEASE_VS2019/X64/MdePkg/Library/PeimEntryPoint/PeimEntryPoint/OUTPUT/PeimEntryPoint.lib
d:/edk2/edk2/Build/OvmfX64/RELEASE_VS2019/X64/SourceLevelDebugPkg/Library/DebugAgent/SecPeiDebugAgentLib/OUTPUT/SecPeiDebugAgentLib.lib
d:/edk2/edk2/Build/OvmfX64/RELEASE_VS2019/X64/MdePkg/Library/BasePerformanceLibNull/BasePerformanceLibNull/OUTPUT/BasePerformanceLibNull.lib