d:/edk2/edk2/Build/OvmfX64/DEBUG_VS2019/X64/SecurityPkg/Tcg/Tcg2Pei/Tcg2Pei/OUTPUT/Tcg2Pei.lib
d:/edk2/edk2/Build/OvmfX64/DEBUG_VS2019/X64/MdePkg/Library/PeiPcdLib/PeiPcdLib/OUTPUT/PeiPcdLib.lib
d:/edk2/edk2/Build/OvmfX64/DEBUG_VS2019/X64/MdePkg/Library/RegisterFilterLibNull/RegisterFilterLibNull/OUTPUT/FilterLibNull.lib
d:/edk2/edk2/Build/OvmfX64/DEBUG_VS2019/X64/MdePkg/Library/BaseLib/BaseLib/OUTPUT/BaseLib.lib
d:/edk2/edk2/Build/OvmfX64/DEBUG_VS2019/X64/MdePkg/Library/PeiMemoryAllocationLib/PeiMemoryAllocationLib/OUTPUT/PeiMemoryAllocationLib.lib
d:/edk2/edk2/Build/OvmfX64/DEBUG_VS2019/X64/MdePkg/Library/PeiServicesTablePointerLibIdt/PeiServicesTablePointerLibIdt/OUTPUT/PeiServicesTablePointerLibIdt.lib
d:/edk2/edk2/Build/OvmfX64/DEBUG_VS2019/X64/MdePkg/Library/BaseMemoryLibRepStr/BaseMemoryLibRepStr/OUTPUT/BaseMemoryLibRepStr.lib
d:/edk2/edk2/Build/OvmfX64/DEBUG_VS2019/X64/MdePkg/Library/PeiServicesLib/PeiServicesLib/OUTPUT/PeiServicesLib.lib
d:/edk2/edk2/Build/OvmfX64/DEBUG_VS2019/X64/MdePkg/Library/PeiHobLib/PeiHobLib/OUTPUT/PeiHobLib.lib
d:/edk2/edk2/Build/OvmfX64/DEBUG_VS2019/X64/MdePkg/Library/BaseIoLibIntrinsic/BaseIoLibIntrinsicSev/OUTPUT/BaseIoLibIntrinsicSev.lib
d:/edk2/edk2/Build/OvmfX64/DEBUG_VS2019/X64/MdePkg/Library/BaseDebugPrintErrorLevelLib/BaseDebugPrintErrorLevelLib/OUTPUT/BaseDebugPrintErrorLevelLib.lib
d:/edk2/edk2/Build/OvmfX64/DEBUG_VS2019/X64/PcAtChipsetPkg/Library/SerialIoLib/SerialIoLib/OUTPUT/PcAtSerialPortLib.lib
d:/edk2/edk2/Build/OvmfX64/DEBUG_VS2019/X64/MdePkg/Library/BasePrintLib/BasePrintLib/OUTPUT/BasePrintLib.lib
d:/edk2/edk2/Build/OvmfX64/DEBUG_VS2019/X64/MdePkg/Library/BaseDebugLibSerialPort/BaseDebugLibSerialPort/OUTPUT/BaseDebugLibSerialPort.lib
d:/edk2/edk2/Build/OvmfX64/DEBUG_VS2019/X64/MdePkg/Library/BasePciCf8Lib/BasePciCf8Lib/OUTPUT/BasePciCf8Lib.lib
d:/edk2/edk2/Build/OvmfX64/DEBUG_VS2019/X64/MdePkg/Library/BasePciLibCf8/BasePciLibCf8/OUTPUT/BasePciLibCf8.lib
d:/edk2/edk2/Build/OvmfX64/DEBUG_VS2019/X64/OvmfPkg/Library/AcpiTimerLib/BaseAcpiTimerLib/OUTPUT/BaseAcpiTimerLib.lib
d:/edk2/edk2/Build/OvmfX64/DEBUG_VS2019/X64/MdePkg/Library/BaseRngLibTimerLib/BaseRngLibTimerLib/OUTPUT/BaseRngLibTimerLib.lib
d:/edk2/edk2/Build/OvmfX64/DEBUG_VS2019/X64/SecurityPkg/Library/Tpm2DeviceLibDTpm/Tpm2DeviceLibDTpm/OUTPUT/Tpm2DeviceLibDTpm.lib
d:/edk2/edk2/Build/OvmfX64/DEBUG_VS2019/X64/CryptoPkg/Library/IntrinsicLib/IntrinsicLib/OUTPUT/BaseIntrinsicLib.lib
d:/edk2/edk2/Build/OvmfX64/DEBUG_VS2019/X64/CryptoPkg/Library/OpensslLib/OpensslLib/OUTPUT/OpensslLib.lib
d:/edk2/edk2/Build/OvmfX64/DEBUG_VS2019/X64/SecurityPkg/Library/Tpm2CommandLib/Tpm2CommandLib/OUTPUT/Tpm2CommandLib.lib
d:/edk2/edk2/Build/OvmfX64/DEBUG_VS2019/X64/MdeModulePkg/Library/OemHookStatusCodeLibNull/OemHookStatusCodeLibNull/OUTPUT/OemHookStatusCodeLibNull.lib
d:/edk2/edk2/Build/OvmfX64/DEBUG_VS2019/X64/CryptoPkg/Library/BaseCryptLib/PeiCryptLib/OUTPUT/PeiCryptLib.lib
d:/edk2/edk2/Build/OvmfX64/DEBUG_VS2019/X64/MdePkg/Library/PeimEntryPoint/PeimEntryPoint/OUTPUT/PeimEntryPoint.lib
d:/edk2/edk2/Build/OvmfX64/DEBUG_VS2019/X64/SecurityPkg/Library/HashLibBaseCryptoRouter/HashLibBaseCryptoRouterPei/OUTPUT/HashLibBaseCryptoRouterPei.lib
d:/edk2/edk2/Build/OvmfX64/DEBUG_VS2019/X64/MdePkg/Library/BasePerformanceLibNull/BasePerformanceLibNull/OUTPUT/BasePerformanceLibNull.lib
d:/edk2/edk2/Build/OvmfX64/DEBUG_VS2019/X64/MdeModulePkg/Library/PeiReportStatusCodeLib/PeiReportStatusCodeLib/OUTPUT/PeiReportStatusCodeLib.lib
d:/edk2/edk2/Build/OvmfX64/DEBUG_VS2019/X64/OvmfPkg/Library/ResetSystemLib/BaseResetSystemLib/OUTPUT/BaseResetSystemLib.lib
d:/edk2/edk2/Build/OvmfX64/DEBUG_VS2019/X64/SecurityPkg/Library/HashInstanceLibSha1/HashInstanceLibSha1/OUTPUT/HashInstanceLibSha1.lib
d:/edk2/edk2/Build/OvmfX64/DEBUG_VS2019/X64/SecurityPkg/Library/HashInstanceLibSha256/HashInstanceLibSha256/OUTPUT/HashInstanceLibSha256.lib
d:/edk2/edk2/Build/OvmfX64/DEBUG_VS2019/X64/SecurityPkg/Library/HashInstanceLibSha384/HashInstanceLibSha384/OUTPUT/HashInstanceLibSha384.lib
d:/edk2/edk2/Build/OvmfX64/DEBUG_VS2019/X64/SecurityPkg/Library/HashInstanceLibSha512/HashInstanceLibSha512/OUTPUT/HashInstanceLibSha512.lib
d:/edk2/edk2/Build/OvmfX64/DEBUG_VS2019/X64/SecurityPkg/Library/HashInstanceLibSm3/HashInstanceLibSm3/OUTPUT/HashInstanceLibSm3.lib