d:/edk2/edk2/Build/OvmfX64/DEBUG_VS2019/X64/CryptoPkg/Library/OpensslLib/OpensslLib/OUTPUT/openssl/crypto/aes/aes_cbc.obj
d:/edk2/edk2/Build/OvmfX64/DEBUG_VS2019/X64/CryptoPkg/Library/OpensslLib/OpensslLib/OUTPUT/openssl/crypto/aes/aes_cfb.obj
d:/edk2/edk2/Build/OvmfX64/DEBUG_VS2019/X64/CryptoPkg/Library/OpensslLib/OpensslLib/OUTPUT/openssl/crypto/aes/aes_core.obj
d:/edk2/edk2/Build/OvmfX64/DEBUG_VS2019/X64/CryptoPkg/Library/OpensslLib/OpensslLib/OUTPUT/openssl/crypto/aes/aes_ige.obj
d:/edk2/edk2/Build/OvmfX64/DEBUG_VS2019/X64/CryptoPkg/Library/OpensslLib/OpensslLib/OUTPUT/openssl/crypto/aes/aes_misc.obj
d:/edk2/edk2/Build/OvmfX64/DEBUG_VS2019/X64/CryptoPkg/Library/OpensslLib/OpensslLib/OUTPUT/openssl/crypto/aes/aes_ofb.obj
d:/edk2/edk2/Build/OvmfX64/DEBUG_VS2019/X64/CryptoPkg/Library/OpensslLib/OpensslLib/OUTPUT/openssl/crypto/aes/aes_wrap.obj
d:/edk2/edk2/Build/OvmfX64/DEBUG_VS2019/X64/CryptoPkg/Library/OpensslLib/OpensslLib/OUTPUT/openssl/crypto/aria/aria.obj
d:/edk2/edk2/Build/OvmfX64/DEBUG_VS2019/X64/CryptoPkg/Library/OpensslLib/OpensslLib/OUTPUT/openssl/crypto/asn1/a_bitstr.obj
d:/edk2/edk2/Build/OvmfX64/DEBUG_VS2019/X64/CryptoPkg/Library/OpensslLib/OpensslLib/OUTPUT/openssl/crypto/asn1/a_d2i_fp.obj
d:/edk2/edk2/Build/OvmfX64/DEBUG_VS2019/X64/CryptoPkg/Library/OpensslLib/OpensslLib/OUTPUT/openssl/crypto/asn1/a_digest.obj
d:/edk2/edk2/Build/OvmfX64/DEBUG_VS2019/X64/CryptoPkg/Library/OpensslLib/OpensslLib/OUTPUT/openssl/crypto/asn1/a_dup.obj
d:/edk2/edk2/Build/OvmfX64/DEBUG_VS2019/X64/CryptoPkg/Library/OpensslLib/OpensslLib/OUTPUT/openssl/crypto/asn1/a_gentm.obj
d:/edk2/edk2/Build/OvmfX64/DEBUG_VS2019/X64/CryptoPkg/Library/OpensslLib/OpensslLib/OUTPUT/openssl/crypto/asn1/a_i2d_fp.obj
d:/edk2/edk2/Build/OvmfX64/DEBUG_VS2019/X64/CryptoPkg/Library/OpensslLib/OpensslLib/OUTPUT/openssl/crypto/asn1/a_int.obj
d:/edk2/edk2/Build/OvmfX64/DEBUG_VS2019/X64/CryptoPkg/Library/OpensslLib/OpensslLib/OUTPUT/openssl/crypto/asn1/a_mbstr.obj
d:/edk2/edk2/Build/OvmfX64/DEBUG_VS2019/X64/CryptoPkg/Library/OpensslLib/OpensslLib/OUTPUT/openssl/crypto/asn1/a_object.obj
d:/edk2/edk2/Build/OvmfX64/DEBUG_VS2019/X64/CryptoPkg/Library/OpensslLib/OpensslLib/OUTPUT/openssl/crypto/asn1/a_octet.obj
d:/edk2/edk2/Build/OvmfX64/DEBUG_VS2019/X64/CryptoPkg/Library/OpensslLib/OpensslLib/OUTPUT/openssl/crypto/asn1/a_print.obj
d:/edk2/edk2/Build/OvmfX64/DEBUG_VS2019/X64/CryptoPkg/Library/OpensslLib/OpensslLib/OUTPUT/openssl/crypto/asn1/a_sign.obj
d:/edk2/edk2/Build/OvmfX64/DEBUG_VS2019/X64/CryptoPkg/Library/OpensslLib/OpensslLib/OUTPUT/openssl/crypto/asn1/a_strex.obj
d:/edk2/edk2/Build/OvmfX64/DEBUG_VS2019/X64/CryptoPkg/Library/OpensslLib/OpensslLib/OUTPUT/openssl/crypto/asn1/a_strnid.obj
d:/edk2/edk2/Build/OvmfX64/DEBUG_VS2019/X64/CryptoPkg/Library/OpensslLib/OpensslLib/OUTPUT/openssl/crypto/asn1/a_time.obj
d:/edk2/edk2/Build/OvmfX64/DEBUG_VS2019/X64/CryptoPkg/Library/OpensslLib/OpensslLib/OUTPUT/openssl/crypto/asn1/a_type.obj
d:/edk2/edk2/Build/OvmfX64/DEBUG_VS2019/X64/CryptoPkg/Library/OpensslLib/OpensslLib/OUTPUT/openssl/crypto/asn1/a_utctm.obj
d:/edk2/edk2/Build/OvmfX64/DEBUG_VS2019/X64/CryptoPkg/Library/OpensslLib/OpensslLib/OUTPUT/openssl/crypto/asn1/a_utf8.obj
d:/edk2/edk2/Build/OvmfX64/DEBUG_VS2019/X64/CryptoPkg/Library/OpensslLib/OpensslLib/OUTPUT/openssl/crypto/asn1/a_verify.obj
d:/edk2/edk2/Build/OvmfX64/DEBUG_VS2019/X64/CryptoPkg/Library/OpensslLib/OpensslLib/OUTPUT/openssl/crypto/asn1/ameth_lib.obj
d:/edk2/edk2/Build/OvmfX64/DEBUG_VS2019/X64/CryptoPkg/Library/OpensslLib/OpensslLib/OUTPUT/openssl/crypto/asn1/asn1_err.obj
d:/edk2/edk2/Build/OvmfX64/DEBUG_VS2019/X64/CryptoPkg/Library/OpensslLib/OpensslLib/OUTPUT/openssl/crypto/asn1/asn1_gen.obj
d:/edk2/edk2/Build/OvmfX64/DEBUG_VS2019/X64/CryptoPkg/Library/OpensslLib/OpensslLib/OUTPUT/openssl/crypto/asn1/asn1_item_list.obj
d:/edk2/edk2/Build/OvmfX64/DEBUG_VS2019/X64/CryptoPkg/Library/OpensslLib/OpensslLib/OUTPUT/openssl/crypto/asn1/asn1_lib.obj
d:/edk2/edk2/Build/OvmfX64/DEBUG_VS2019/X64/CryptoPkg/Library/OpensslLib/OpensslLib/OUTPUT/openssl/crypto/asn1/asn1_par.obj
d:/edk2/edk2/Build/OvmfX64/DEBUG_VS2019/X64/CryptoPkg/Library/OpensslLib/OpensslLib/OUTPUT/openssl/crypto/asn1/asn_mime.obj
d:/edk2/edk2/Build/OvmfX64/DEBUG_VS2019/X64/CryptoPkg/Library/OpensslLib/OpensslLib/OUTPUT/openssl/crypto/asn1/asn_moid.obj
d:/edk2/edk2/Build/OvmfX64/DEBUG_VS2019/X64/CryptoPkg/Library/OpensslLib/OpensslLib/OUTPUT/openssl/crypto/asn1/asn_mstbl.obj
d:/edk2/edk2/Build/OvmfX64/DEBUG_VS2019/X64/CryptoPkg/Library/OpensslLib/OpensslLib/OUTPUT/openssl/crypto/asn1/asn_pack.obj
d:/edk2/edk2/Build/OvmfX64/DEBUG_VS2019/X64/CryptoPkg/Library/OpensslLib/OpensslLib/OUTPUT/openssl/crypto/asn1/bio_asn1.obj
d:/edk2/edk2/Build/OvmfX64/DEBUG_VS2019/X64/CryptoPkg/Library/OpensslLib/OpensslLib/OUTPUT/openssl/crypto/asn1/bio_ndef.obj
d:/edk2/edk2/Build/OvmfX64/DEBUG_VS2019/X64/CryptoPkg/Library/OpensslLib/OpensslLib/OUTPUT/openssl/crypto/asn1/d2i_pr.obj
d:/edk2/edk2/Build/OvmfX64/DEBUG_VS2019/X64/CryptoPkg/Library/OpensslLib/OpensslLib/OUTPUT/openssl/crypto/asn1/d2i_pu.obj
d:/edk2/edk2/Build/OvmfX64/DEBUG_VS2019/X64/CryptoPkg/Library/OpensslLib/OpensslLib/OUTPUT/openssl/crypto/asn1/evp_asn1.obj
d:/edk2/edk2/Build/OvmfX64/DEBUG_VS2019/X64/CryptoPkg/Library/OpensslLib/OpensslLib/OUTPUT/openssl/crypto/asn1/f_int.obj
d:/edk2/edk2/Build/OvmfX64/DEBUG_VS2019/X64/CryptoPkg/Library/OpensslLib/OpensslLib/OUTPUT/openssl/crypto/asn1/f_string.obj
d:/edk2/edk2/Build/OvmfX64/DEBUG_VS2019/X64/CryptoPkg/Library/OpensslLib/OpensslLib/OUTPUT/openssl/crypto/asn1/i2d_pr.obj
d:/edk2/edk2/Build/OvmfX64/DEBUG_VS2019/X64/CryptoPkg/Library/OpensslLib/OpensslLib/OUTPUT/openssl/crypto/asn1/i2d_pu.obj
d:/edk2/edk2/Build/OvmfX64/DEBUG_VS2019/X64/CryptoPkg/Library/OpensslLib/OpensslLib/OUTPUT/openssl/crypto/asn1/n_pkey.obj
d:/edk2/edk2/Build/OvmfX64/DEBUG_VS2019/X64/CryptoPkg/Library/OpensslLib/OpensslLib/OUTPUT/openssl/crypto/asn1/nsseq.obj
d:/edk2/edk2/Build/OvmfX64/DEBUG_VS2019/X64/CryptoPkg/Library/OpensslLib/OpensslLib/OUTPUT/openssl/crypto/asn1/p5_pbe.obj
d:/edk2/edk2/Build/OvmfX64/DEBUG_VS2019/X64/CryptoPkg/Library/OpensslLib/OpensslLib/OUTPUT/openssl/crypto/asn1/p5_pbev2.obj
d:/edk2/edk2/Build/OvmfX64/DEBUG_VS2019/X64/CryptoPkg/Library/OpensslLib/OpensslLib/OUTPUT/openssl/crypto/asn1/p5_scrypt.obj
d:/edk2/edk2/Build/OvmfX64/DEBUG_VS2019/X64/CryptoPkg/Library/OpensslLib/OpensslLib/OUTPUT/openssl/crypto/asn1/p8_pkey.obj
d:/edk2/edk2/Build/OvmfX64/DEBUG_VS2019/X64/CryptoPkg/Library/OpensslLib/OpensslLib/OUTPUT/openssl/crypto/asn1/t_bitst.obj
d:/edk2/edk2/Build/OvmfX64/DEBUG_VS2019/X64/CryptoPkg/Library/OpensslLib/OpensslLib/OUTPUT/openssl/crypto/asn1/t_pkey.obj
d:/edk2/edk2/Build/OvmfX64/DEBUG_VS2019/X64/CryptoPkg/Library/OpensslLib/OpensslLib/OUTPUT/openssl/crypto/asn1/t_spki.obj
d:/edk2/edk2/Build/OvmfX64/DEBUG_VS2019/X64/CryptoPkg/Library/OpensslLib/OpensslLib/OUTPUT/openssl/crypto/asn1/tasn_dec.obj
d:/edk2/edk2/Build/OvmfX64/DEBUG_VS2019/X64/CryptoPkg/Library/OpensslLib/OpensslLib/OUTPUT/openssl/crypto/asn1/tasn_enc.obj
d:/edk2/edk2/Build/OvmfX64/DEBUG_VS2019/X64/CryptoPkg/Library/OpensslLib/OpensslLib/OUTPUT/openssl/crypto/asn1/tasn_fre.obj
d:/edk2/edk2/Build/OvmfX64/DEBUG_VS2019/X64/CryptoPkg/Library/OpensslLib/OpensslLib/OUTPUT/openssl/crypto/asn1/tasn_new.obj
d:/edk2/edk2/Build/OvmfX64/DEBUG_VS2019/X64/CryptoPkg/Library/OpensslLib/OpensslLib/OUTPUT/openssl/crypto/asn1/tasn_prn.obj
d:/edk2/edk2/Build/OvmfX64/DEBUG_VS2019/X64/CryptoPkg/Library/OpensslLib/OpensslLib/OUTPUT/openssl/crypto/asn1/tasn_scn.obj
d:/edk2/edk2/Build/OvmfX64/DEBUG_VS2019/X64/CryptoPkg/Library/OpensslLib/OpensslLib/OUTPUT/openssl/crypto/asn1/tasn_typ.obj
d:/edk2/edk2/Build/OvmfX64/DEBUG_VS2019/X64/CryptoPkg/Library/OpensslLib/OpensslLib/OUTPUT/openssl/crypto/asn1/tasn_utl.obj
d:/edk2/edk2/Build/OvmfX64/DEBUG_VS2019/X64/CryptoPkg/Library/OpensslLib/OpensslLib/OUTPUT/openssl/crypto/asn1/x_algor.obj
d:/edk2/edk2/Build/OvmfX64/DEBUG_VS2019/X64/CryptoPkg/Library/OpensslLib/OpensslLib/OUTPUT/openssl/crypto/asn1/x_bignum.obj
d:/edk2/edk2/Build/OvmfX64/DEBUG_VS2019/X64/CryptoPkg/Library/OpensslLib/OpensslLib/OUTPUT/openssl/crypto/asn1/x_info.obj
d:/edk2/edk2/Build/OvmfX64/DEBUG_VS2019/X64/CryptoPkg/Library/OpensslLib/OpensslLib/OUTPUT/openssl/crypto/asn1/x_int64.obj
d:/edk2/edk2/Build/OvmfX64/DEBUG_VS2019/X64/CryptoPkg/Library/OpensslLib/OpensslLib/OUTPUT/openssl/crypto/asn1/x_long.obj
d:/edk2/edk2/Build/OvmfX64/DEBUG_VS2019/X64/CryptoPkg/Library/OpensslLib/OpensslLib/OUTPUT/openssl/crypto/asn1/x_pkey.obj
d:/edk2/edk2/Build/OvmfX64/DEBUG_VS2019/X64/CryptoPkg/Library/OpensslLib/OpensslLib/OUTPUT/openssl/crypto/asn1/x_sig.obj
d:/edk2/edk2/Build/OvmfX64/DEBUG_VS2019/X64/CryptoPkg/Library/OpensslLib/OpensslLib/OUTPUT/openssl/crypto/asn1/x_spki.obj
d:/edk2/edk2/Build/OvmfX64/DEBUG_VS2019/X64/CryptoPkg/Library/OpensslLib/OpensslLib/OUTPUT/openssl/crypto/asn1/x_val.obj
d:/edk2/edk2/Build/OvmfX64/DEBUG_VS2019/X64/CryptoPkg/Library/OpensslLib/OpensslLib/OUTPUT/openssl/crypto/async/arch/async_null.obj
d:/edk2/edk2/Build/OvmfX64/DEBUG_VS2019/X64/CryptoPkg/Library/OpensslLib/OpensslLib/OUTPUT/openssl/crypto/async/arch/async_posix.obj
d:/edk2/edk2/Build/OvmfX64/DEBUG_VS2019/X64/CryptoPkg/Library/OpensslLib/OpensslLib/OUTPUT/openssl/crypto/async/arch/async_win.obj
d:/edk2/edk2/Build/OvmfX64/DEBUG_VS2019/X64/CryptoPkg/Library/OpensslLib/OpensslLib/OUTPUT/openssl/crypto/async/async.obj
d:/edk2/edk2/Build/OvmfX64/DEBUG_VS2019/X64/CryptoPkg/Library/OpensslLib/OpensslLib/OUTPUT/openssl/crypto/async/async_err.obj
d:/edk2/edk2/Build/OvmfX64/DEBUG_VS2019/X64/CryptoPkg/Library/OpensslLib/OpensslLib/OUTPUT/openssl/crypto/async/async_wait.obj
d:/edk2/edk2/Build/OvmfX64/DEBUG_VS2019/X64/CryptoPkg/Library/OpensslLib/OpensslLib/OUTPUT/openssl/crypto/bio/b_addr.obj
d:/edk2/edk2/Build/OvmfX64/DEBUG_VS2019/X64/CryptoPkg/Library/OpensslLib/OpensslLib/OUTPUT/openssl/crypto/bio/b_dump.obj
d:/edk2/edk2/Build/OvmfX64/DEBUG_VS2019/X64/CryptoPkg/Library/OpensslLib/OpensslLib/OUTPUT/openssl/crypto/bio/b_sock.obj
d:/edk2/edk2/Build/OvmfX64/DEBUG_VS2019/X64/CryptoPkg/Library/OpensslLib/OpensslLib/OUTPUT/openssl/crypto/bio/b_sock2.obj
d:/edk2/edk2/Build/OvmfX64/DEBUG_VS2019/X64/CryptoPkg/Library/OpensslLib/OpensslLib/OUTPUT/openssl/crypto/bio/bf_buff.obj
d:/edk2/edk2/Build/OvmfX64/DEBUG_VS2019/X64/CryptoPkg/Library/OpensslLib/OpensslLib/OUTPUT/openssl/crypto/bio/bf_lbuf.obj
d:/edk2/edk2/Build/OvmfX64/DEBUG_VS2019/X64/CryptoPkg/Library/OpensslLib/OpensslLib/OUTPUT/openssl/crypto/bio/bf_nbio.obj
d:/edk2/edk2/Build/OvmfX64/DEBUG_VS2019/X64/CryptoPkg/Library/OpensslLib/OpensslLib/OUTPUT/openssl/crypto/bio/bf_null.obj
d:/edk2/edk2/Build/OvmfX64/DEBUG_VS2019/X64/CryptoPkg/Library/OpensslLib/OpensslLib/OUTPUT/openssl/crypto/bio/bio_cb.obj
d:/edk2/edk2/Build/OvmfX64/DEBUG_VS2019/X64/CryptoPkg/Library/OpensslLib/OpensslLib/OUTPUT/openssl/crypto/bio/bio_err.obj
d:/edk2/edk2/Build/OvmfX64/DEBUG_VS2019/X64/CryptoPkg/Library/OpensslLib/OpensslLib/OUTPUT/openssl/crypto/bio/bio_lib.obj
d:/edk2/edk2/Build/OvmfX64/DEBUG_VS2019/X64/CryptoPkg/Library/OpensslLib/OpensslLib/OUTPUT/openssl/crypto/bio/bio_meth.obj
d:/edk2/edk2/Build/OvmfX64/DEBUG_VS2019/X64/CryptoPkg/Library/OpensslLib/OpensslLib/OUTPUT/openssl/crypto/bio/bss_acpt.obj
d:/edk2/edk2/Build/OvmfX64/DEBUG_VS2019/X64/CryptoPkg/Library/OpensslLib/OpensslLib/OUTPUT/openssl/crypto/bio/bss_bio.obj
d:/edk2/edk2/Build/OvmfX64/DEBUG_VS2019/X64/CryptoPkg/Library/OpensslLib/OpensslLib/OUTPUT/openssl/crypto/bio/bss_conn.obj
d:/edk2/edk2/Build/OvmfX64/DEBUG_VS2019/X64/CryptoPkg/Library/OpensslLib/OpensslLib/OUTPUT/openssl/crypto/bio/bss_dgram.obj
d:/edk2/edk2/Build/OvmfX64/DEBUG_VS2019/X64/CryptoPkg/Library/OpensslLib/OpensslLib/OUTPUT/openssl/crypto/bio/bss_fd.obj
d:/edk2/edk2/Build/OvmfX64/DEBUG_VS2019/X64/CryptoPkg/Library/OpensslLib/OpensslLib/OUTPUT/openssl/crypto/bio/bss_file.obj
d:/edk2/edk2/Build/OvmfX64/DEBUG_VS2019/X64/CryptoPkg/Library/OpensslLib/OpensslLib/OUTPUT/openssl/crypto/bio/bss_log.obj
d:/edk2/edk2/Build/OvmfX64/DEBUG_VS2019/X64/CryptoPkg/Library/OpensslLib/OpensslLib/OUTPUT/openssl/crypto/bio/bss_mem.obj
d:/edk2/edk2/Build/OvmfX64/DEBUG_VS2019/X64/CryptoPkg/Library/OpensslLib/OpensslLib/OUTPUT/openssl/crypto/bio/bss_null.obj
d:/edk2/edk2/Build/OvmfX64/DEBUG_VS2019/X64/CryptoPkg/Library/OpensslLib/OpensslLib/OUTPUT/openssl/crypto/bio/bss_sock.obj
d:/edk2/edk2/Build/OvmfX64/DEBUG_VS2019/X64/CryptoPkg/Library/OpensslLib/OpensslLib/OUTPUT/openssl/crypto/bn/bn_add.obj
d:/edk2/edk2/Build/OvmfX64/DEBUG_VS2019/X64/CryptoPkg/Library/OpensslLib/OpensslLib/OUTPUT/openssl/crypto/bn/bn_asm.obj
d:/edk2/edk2/Build/OvmfX64/DEBUG_VS2019/X64/CryptoPkg/Library/OpensslLib/OpensslLib/OUTPUT/openssl/crypto/bn/bn_blind.obj
d:/edk2/edk2/Build/OvmfX64/DEBUG_VS2019/X64/CryptoPkg/Library/OpensslLib/OpensslLib/OUTPUT/openssl/crypto/bn/bn_const.obj
d:/edk2/edk2/Build/OvmfX64/DEBUG_VS2019/X64/CryptoPkg/Library/OpensslLib/OpensslLib/OUTPUT/openssl/crypto/bn/bn_ctx.obj
d:/edk2/edk2/Build/OvmfX64/DEBUG_VS2019/X64/CryptoPkg/Library/OpensslLib/OpensslLib/OUTPUT/openssl/crypto/bn/bn_depr.obj
d:/edk2/edk2/Build/OvmfX64/DEBUG_VS2019/X64/CryptoPkg/Library/OpensslLib/OpensslLib/OUTPUT/openssl/crypto/bn/bn_dh.obj
d:/edk2/edk2/Build/OvmfX64/DEBUG_VS2019/X64/CryptoPkg/Library/OpensslLib/OpensslLib/OUTPUT/openssl/crypto/bn/bn_div.obj
d:/edk2/edk2/Build/OvmfX64/DEBUG_VS2019/X64/CryptoPkg/Library/OpensslLib/OpensslLib/OUTPUT/openssl/crypto/bn/bn_err.obj
d:/edk2/edk2/Build/OvmfX64/DEBUG_VS2019/X64/CryptoPkg/Library/OpensslLib/OpensslLib/OUTPUT/openssl/crypto/bn/bn_exp.obj
d:/edk2/edk2/Build/OvmfX64/DEBUG_VS2019/X64/CryptoPkg/Library/OpensslLib/OpensslLib/OUTPUT/openssl/crypto/bn/bn_exp2.obj
d:/edk2/edk2/Build/OvmfX64/DEBUG_VS2019/X64/CryptoPkg/Library/OpensslLib/OpensslLib/OUTPUT/openssl/crypto/bn/bn_gcd.obj
d:/edk2/edk2/Build/OvmfX64/DEBUG_VS2019/X64/CryptoPkg/Library/OpensslLib/OpensslLib/OUTPUT/openssl/crypto/bn/bn_gf2m.obj
d:/edk2/edk2/Build/OvmfX64/DEBUG_VS2019/X64/CryptoPkg/Library/OpensslLib/OpensslLib/OUTPUT/openssl/crypto/bn/bn_intern.obj
d:/edk2/edk2/Build/OvmfX64/DEBUG_VS2019/X64/CryptoPkg/Library/OpensslLib/OpensslLib/OUTPUT/openssl/crypto/bn/bn_kron.obj
d:/edk2/edk2/Build/OvmfX64/DEBUG_VS2019/X64/CryptoPkg/Library/OpensslLib/OpensslLib/OUTPUT/openssl/crypto/bn/bn_lib.obj
d:/edk2/edk2/Build/OvmfX64/DEBUG_VS2019/X64/CryptoPkg/Library/OpensslLib/OpensslLib/OUTPUT/openssl/crypto/bn/bn_mod.obj
d:/edk2/edk2/Build/OvmfX64/DEBUG_VS2019/X64/CryptoPkg/Library/OpensslLib/OpensslLib/OUTPUT/openssl/crypto/bn/bn_mont.obj
d:/edk2/edk2/Build/OvmfX64/DEBUG_VS2019/X64/CryptoPkg/Library/OpensslLib/OpensslLib/OUTPUT/openssl/crypto/bn/bn_mpi.obj
d:/edk2/edk2/Build/OvmfX64/DEBUG_VS2019/X64/CryptoPkg/Library/OpensslLib/OpensslLib/OUTPUT/openssl/crypto/bn/bn_mul.obj
d:/edk2/edk2/Build/OvmfX64/DEBUG_VS2019/X64/CryptoPkg/Library/OpensslLib/OpensslLib/OUTPUT/openssl/crypto/bn/bn_nist.obj
d:/edk2/edk2/Build/OvmfX64/DEBUG_VS2019/X64/CryptoPkg/Library/OpensslLib/OpensslLib/OUTPUT/openssl/crypto/bn/bn_prime.obj
d:/edk2/edk2/Build/OvmfX64/DEBUG_VS2019/X64/CryptoPkg/Library/OpensslLib/OpensslLib/OUTPUT/openssl/crypto/bn/bn_print.obj
d:/edk2/edk2/Build/OvmfX64/DEBUG_VS2019/X64/CryptoPkg/Library/OpensslLib/OpensslLib/OUTPUT/openssl/crypto/bn/bn_rand.obj
d:/edk2/edk2/Build/OvmfX64/DEBUG_VS2019/X64/CryptoPkg/Library/OpensslLib/OpensslLib/OUTPUT/openssl/crypto/bn/bn_recp.obj
d:/edk2/edk2/Build/OvmfX64/DEBUG_VS2019/X64/CryptoPkg/Library/OpensslLib/OpensslLib/OUTPUT/openssl/crypto/bn/bn_shift.obj
d:/edk2/edk2/Build/OvmfX64/DEBUG_VS2019/X64/CryptoPkg/Library/OpensslLib/OpensslLib/OUTPUT/openssl/crypto/bn/bn_sqr.obj
d:/edk2/edk2/Build/OvmfX64/DEBUG_VS2019/X64/CryptoPkg/Library/OpensslLib/OpensslLib/OUTPUT/openssl/crypto/bn/bn_sqrt.obj
d:/edk2/edk2/Build/OvmfX64/DEBUG_VS2019/X64/CryptoPkg/Library/OpensslLib/OpensslLib/OUTPUT/openssl/crypto/bn/bn_srp.obj
d:/edk2/edk2/Build/OvmfX64/DEBUG_VS2019/X64/CryptoPkg/Library/OpensslLib/OpensslLib/OUTPUT/openssl/crypto/bn/bn_word.obj
d:/edk2/edk2/Build/OvmfX64/DEBUG_VS2019/X64/CryptoPkg/Library/OpensslLib/OpensslLib/OUTPUT/openssl/crypto/bn/bn_x931p.obj
d:/edk2/edk2/Build/OvmfX64/DEBUG_VS2019/X64/CryptoPkg/Library/OpensslLib/OpensslLib/OUTPUT/openssl/crypto/buffer/buf_err.obj
d:/edk2/edk2/Build/OvmfX64/DEBUG_VS2019/X64/CryptoPkg/Library/OpensslLib/OpensslLib/OUTPUT/openssl/crypto/buffer/buffer.obj
d:/edk2/edk2/Build/OvmfX64/DEBUG_VS2019/X64/CryptoPkg/Library/OpensslLib/OpensslLib/OUTPUT/openssl/crypto/cmac/cm_ameth.obj
d:/edk2/edk2/Build/OvmfX64/DEBUG_VS2019/X64/CryptoPkg/Library/OpensslLib/OpensslLib/OUTPUT/openssl/crypto/cmac/cm_pmeth.obj
d:/edk2/edk2/Build/OvmfX64/DEBUG_VS2019/X64/CryptoPkg/Library/OpensslLib/OpensslLib/OUTPUT/openssl/crypto/cmac/cmac.obj
d:/edk2/edk2/Build/OvmfX64/DEBUG_VS2019/X64/CryptoPkg/Library/OpensslLib/OpensslLib/OUTPUT/openssl/crypto/comp/c_zlib.obj
d:/edk2/edk2/Build/OvmfX64/DEBUG_VS2019/X64/CryptoPkg/Library/OpensslLib/OpensslLib/OUTPUT/openssl/crypto/comp/comp_err.obj
d:/edk2/edk2/Build/OvmfX64/DEBUG_VS2019/X64/CryptoPkg/Library/OpensslLib/OpensslLib/OUTPUT/openssl/crypto/comp/comp_lib.obj
d:/edk2/edk2/Build/OvmfX64/DEBUG_VS2019/X64/CryptoPkg/Library/OpensslLib/OpensslLib/OUTPUT/openssl/crypto/conf/conf_api.obj
d:/edk2/edk2/Build/OvmfX64/DEBUG_VS2019/X64/CryptoPkg/Library/OpensslLib/OpensslLib/OUTPUT/openssl/crypto/conf/conf_def.obj
d:/edk2/edk2/Build/OvmfX64/DEBUG_VS2019/X64/CryptoPkg/Library/OpensslLib/OpensslLib/OUTPUT/openssl/crypto/conf/conf_err.obj
d:/edk2/edk2/Build/OvmfX64/DEBUG_VS2019/X64/CryptoPkg/Library/OpensslLib/OpensslLib/OUTPUT/openssl/crypto/conf/conf_lib.obj
d:/edk2/edk2/Build/OvmfX64/DEBUG_VS2019/X64/CryptoPkg/Library/OpensslLib/OpensslLib/OUTPUT/openssl/crypto/conf/conf_mall.obj
d:/edk2/edk2/Build/OvmfX64/DEBUG_VS2019/X64/CryptoPkg/Library/OpensslLib/OpensslLib/OUTPUT/openssl/crypto/conf/conf_mod.obj
d:/edk2/edk2/Build/OvmfX64/DEBUG_VS2019/X64/CryptoPkg/Library/OpensslLib/OpensslLib/OUTPUT/openssl/crypto/conf/conf_sap.obj
d:/edk2/edk2/Build/OvmfX64/DEBUG_VS2019/X64/CryptoPkg/Library/OpensslLib/OpensslLib/OUTPUT/openssl/crypto/conf/conf_ssl.obj
d:/edk2/edk2/Build/OvmfX64/DEBUG_VS2019/X64/CryptoPkg/Library/OpensslLib/OpensslLib/OUTPUT/openssl/crypto/cpt_err.obj
d:/edk2/edk2/Build/OvmfX64/DEBUG_VS2019/X64/CryptoPkg/Library/OpensslLib/OpensslLib/OUTPUT/openssl/crypto/cryptlib.obj
d:/edk2/edk2/Build/OvmfX64/DEBUG_VS2019/X64/CryptoPkg/Library/OpensslLib/OpensslLib/OUTPUT/openssl/crypto/ctype.obj
d:/edk2/edk2/Build/OvmfX64/DEBUG_VS2019/X64/CryptoPkg/Library/OpensslLib/OpensslLib/OUTPUT/openssl/crypto/cversion.obj
d:/edk2/edk2/Build/OvmfX64/DEBUG_VS2019/X64/CryptoPkg/Library/OpensslLib/OpensslLib/OUTPUT/openssl/crypto/dh/dh_ameth.obj
d:/edk2/edk2/Build/OvmfX64/DEBUG_VS2019/X64/CryptoPkg/Library/OpensslLib/OpensslLib/OUTPUT/openssl/crypto/dh/dh_asn1.obj
d:/edk2/edk2/Build/OvmfX64/DEBUG_VS2019/X64/CryptoPkg/Library/OpensslLib/OpensslLib/OUTPUT/openssl/crypto/dh/dh_check.obj
d:/edk2/edk2/Build/OvmfX64/DEBUG_VS2019/X64/CryptoPkg/Library/OpensslLib/OpensslLib/OUTPUT/openssl/crypto/dh/dh_depr.obj
d:/edk2/edk2/Build/OvmfX64/DEBUG_VS2019/X64/CryptoPkg/Library/OpensslLib/OpensslLib/OUTPUT/openssl/crypto/dh/dh_err.obj
d:/edk2/edk2/Build/OvmfX64/DEBUG_VS2019/X64/CryptoPkg/Library/OpensslLib/OpensslLib/OUTPUT/openssl/crypto/dh/dh_gen.obj
d:/edk2/edk2/Build/OvmfX64/DEBUG_VS2019/X64/CryptoPkg/Library/OpensslLib/OpensslLib/OUTPUT/openssl/crypto/dh/dh_kdf.obj
d:/edk2/edk2/Build/OvmfX64/DEBUG_VS2019/X64/CryptoPkg/Library/OpensslLib/OpensslLib/OUTPUT/openssl/crypto/dh/dh_key.obj
d:/edk2/edk2/Build/OvmfX64/DEBUG_VS2019/X64/CryptoPkg/Library/OpensslLib/OpensslLib/OUTPUT/openssl/crypto/dh/dh_lib.obj
d:/edk2/edk2/Build/OvmfX64/DEBUG_VS2019/X64/CryptoPkg/Library/OpensslLib/OpensslLib/OUTPUT/openssl/crypto/dh/dh_meth.obj
d:/edk2/edk2/Build/OvmfX64/DEBUG_VS2019/X64/CryptoPkg/Library/OpensslLib/OpensslLib/OUTPUT/openssl/crypto/dh/dh_pmeth.obj
d:/edk2/edk2/Build/OvmfX64/DEBUG_VS2019/X64/CryptoPkg/Library/OpensslLib/OpensslLib/OUTPUT/openssl/crypto/dh/dh_prn.obj
d:/edk2/edk2/Build/OvmfX64/DEBUG_VS2019/X64/CryptoPkg/Library/OpensslLib/OpensslLib/OUTPUT/openssl/crypto/dh/dh_rfc5114.obj
d:/edk2/edk2/Build/OvmfX64/DEBUG_VS2019/X64/CryptoPkg/Library/OpensslLib/OpensslLib/OUTPUT/openssl/crypto/dh/dh_rfc7919.obj
d:/edk2/edk2/Build/OvmfX64/DEBUG_VS2019/X64/CryptoPkg/Library/OpensslLib/OpensslLib/OUTPUT/openssl/crypto/dso/dso_dl.obj
d:/edk2/edk2/Build/OvmfX64/DEBUG_VS2019/X64/CryptoPkg/Library/OpensslLib/OpensslLib/OUTPUT/openssl/crypto/dso/dso_dlfcn.obj
d:/edk2/edk2/Build/OvmfX64/DEBUG_VS2019/X64/CryptoPkg/Library/OpensslLib/OpensslLib/OUTPUT/openssl/crypto/dso/dso_err.obj
d:/edk2/edk2/Build/OvmfX64/DEBUG_VS2019/X64/CryptoPkg/Library/OpensslLib/OpensslLib/OUTPUT/openssl/crypto/dso/dso_lib.obj
d:/edk2/edk2/Build/OvmfX64/DEBUG_VS2019/X64/CryptoPkg/Library/OpensslLib/OpensslLib/OUTPUT/openssl/crypto/dso/dso_openssl.obj
d:/edk2/edk2/Build/OvmfX64/DEBUG_VS2019/X64/CryptoPkg/Library/OpensslLib/OpensslLib/OUTPUT/openssl/crypto/dso/dso_vms.obj
d:/edk2/edk2/Build/OvmfX64/DEBUG_VS2019/X64/CryptoPkg/Library/OpensslLib/OpensslLib/OUTPUT/openssl/crypto/dso/dso_win32.obj
d:/edk2/edk2/Build/OvmfX64/DEBUG_VS2019/X64/CryptoPkg/Library/OpensslLib/OpensslLib/OUTPUT/openssl/crypto/ebcdic.obj
d:/edk2/edk2/Build/OvmfX64/DEBUG_VS2019/X64/CryptoPkg/Library/OpensslLib/OpensslLib/OUTPUT/openssl/crypto/ec/curve25519.obj
d:/edk2/edk2/Build/OvmfX64/DEBUG_VS2019/X64/CryptoPkg/Library/OpensslLib/OpensslLib/OUTPUT/openssl/crypto/ec/curve448/arch_32/f_impl.obj
d:/edk2/edk2/Build/OvmfX64/DEBUG_VS2019/X64/CryptoPkg/Library/OpensslLib/OpensslLib/OUTPUT/openssl/crypto/ec/curve448/curve448.obj
d:/edk2/edk2/Build/OvmfX64/DEBUG_VS2019/X64/CryptoPkg/Library/OpensslLib/OpensslLib/OUTPUT/openssl/crypto/ec/curve448/curve448_tables.obj
d:/edk2/edk2/Build/OvmfX64/DEBUG_VS2019/X64/CryptoPkg/Library/OpensslLib/OpensslLib/OUTPUT/openssl/crypto/ec/curve448/eddsa.obj
d:/edk2/edk2/Build/OvmfX64/DEBUG_VS2019/X64/CryptoPkg/Library/OpensslLib/OpensslLib/OUTPUT/openssl/crypto/ec/curve448/f_generic.obj
d:/edk2/edk2/Build/OvmfX64/DEBUG_VS2019/X64/CryptoPkg/Library/OpensslLib/OpensslLib/OUTPUT/openssl/crypto/ec/curve448/scalar.obj
d:/edk2/edk2/Build/OvmfX64/DEBUG_VS2019/X64/CryptoPkg/Library/OpensslLib/OpensslLib/OUTPUT/openssl/crypto/ec/ec2_oct.obj
d:/edk2/edk2/Build/OvmfX64/DEBUG_VS2019/X64/CryptoPkg/Library/OpensslLib/OpensslLib/OUTPUT/openssl/crypto/ec/ec2_smpl.obj
d:/edk2/edk2/Build/OvmfX64/DEBUG_VS2019/X64/CryptoPkg/Library/OpensslLib/OpensslLib/OUTPUT/openssl/crypto/ec/ec_ameth.obj
d:/edk2/edk2/Build/OvmfX64/DEBUG_VS2019/X64/CryptoPkg/Library/OpensslLib/OpensslLib/OUTPUT/openssl/crypto/ec/ec_asn1.obj
d:/edk2/edk2/Build/OvmfX64/DEBUG_VS2019/X64/CryptoPkg/Library/OpensslLib/OpensslLib/OUTPUT/openssl/crypto/ec/ec_check.obj
d:/edk2/edk2/Build/OvmfX64/DEBUG_VS2019/X64/CryptoPkg/Library/OpensslLib/OpensslLib/OUTPUT/openssl/crypto/ec/ec_curve.obj
d:/edk2/edk2/Build/OvmfX64/DEBUG_VS2019/X64/CryptoPkg/Library/OpensslLib/OpensslLib/OUTPUT/openssl/crypto/ec/ec_cvt.obj
d:/edk2/edk2/Build/OvmfX64/DEBUG_VS2019/X64/CryptoPkg/Library/OpensslLib/OpensslLib/OUTPUT/openssl/crypto/ec/ec_err.obj
d:/edk2/edk2/Build/OvmfX64/DEBUG_VS2019/X64/CryptoPkg/Library/OpensslLib/OpensslLib/OUTPUT/openssl/crypto/ec/ec_key.obj
d:/edk2/edk2/Build/OvmfX64/DEBUG_VS2019/X64/CryptoPkg/Library/OpensslLib/OpensslLib/OUTPUT/openssl/crypto/ec/ec_kmeth.obj
d:/edk2/edk2/Build/OvmfX64/DEBUG_VS2019/X64/CryptoPkg/Library/OpensslLib/OpensslLib/OUTPUT/openssl/crypto/ec/ec_lib.obj
d:/edk2/edk2/Build/OvmfX64/DEBUG_VS2019/X64/CryptoPkg/Library/OpensslLib/OpensslLib/OUTPUT/openssl/crypto/ec/ec_mult.obj
d:/edk2/edk2/Build/OvmfX64/DEBUG_VS2019/X64/CryptoPkg/Library/OpensslLib/OpensslLib/OUTPUT/openssl/crypto/ec/ec_oct.obj
d:/edk2/edk2/Build/OvmfX64/DEBUG_VS2019/X64/CryptoPkg/Library/OpensslLib/OpensslLib/OUTPUT/openssl/crypto/ec/ec_pmeth.obj
d:/edk2/edk2/Build/OvmfX64/DEBUG_VS2019/X64/CryptoPkg/Library/OpensslLib/OpensslLib/OUTPUT/openssl/crypto/ec/ec_print.obj
d:/edk2/edk2/Build/OvmfX64/DEBUG_VS2019/X64/CryptoPkg/Library/OpensslLib/OpensslLib/OUTPUT/openssl/crypto/ec/ecdh_kdf.obj
d:/edk2/edk2/Build/OvmfX64/DEBUG_VS2019/X64/CryptoPkg/Library/OpensslLib/OpensslLib/OUTPUT/openssl/crypto/ec/ecdh_ossl.obj
d:/edk2/edk2/Build/OvmfX64/DEBUG_VS2019/X64/CryptoPkg/Library/OpensslLib/OpensslLib/OUTPUT/openssl/crypto/ec/ecdsa_ossl.obj
d:/edk2/edk2/Build/OvmfX64/DEBUG_VS2019/X64/CryptoPkg/Library/OpensslLib/OpensslLib/OUTPUT/openssl/crypto/ec/ecdsa_sign.obj
d:/edk2/edk2/Build/OvmfX64/DEBUG_VS2019/X64/CryptoPkg/Library/OpensslLib/OpensslLib/OUTPUT/openssl/crypto/ec/ecdsa_vrf.obj
d:/edk2/edk2/Build/OvmfX64/DEBUG_VS2019/X64/CryptoPkg/Library/OpensslLib/OpensslLib/OUTPUT/openssl/crypto/ec/eck_prn.obj
d:/edk2/edk2/Build/OvmfX64/DEBUG_VS2019/X64/CryptoPkg/Library/OpensslLib/OpensslLib/OUTPUT/openssl/crypto/ec/ecp_mont.obj
d:/edk2/edk2/Build/OvmfX64/DEBUG_VS2019/X64/CryptoPkg/Library/OpensslLib/OpensslLib/OUTPUT/openssl/crypto/ec/ecp_nist.obj
d:/edk2/edk2/Build/OvmfX64/DEBUG_VS2019/X64/CryptoPkg/Library/OpensslLib/OpensslLib/OUTPUT/openssl/crypto/ec/ecp_nistp224.obj
d:/edk2/edk2/Build/OvmfX64/DEBUG_VS2019/X64/CryptoPkg/Library/OpensslLib/OpensslLib/OUTPUT/openssl/crypto/ec/ecp_nistp256.obj
d:/edk2/edk2/Build/OvmfX64/DEBUG_VS2019/X64/CryptoPkg/Library/OpensslLib/OpensslLib/OUTPUT/openssl/crypto/ec/ecp_nistp521.obj
d:/edk2/edk2/Build/OvmfX64/DEBUG_VS2019/X64/CryptoPkg/Library/OpensslLib/OpensslLib/OUTPUT/openssl/crypto/ec/ecp_nistputil.obj
d:/edk2/edk2/Build/OvmfX64/DEBUG_VS2019/X64/CryptoPkg/Library/OpensslLib/OpensslLib/OUTPUT/openssl/crypto/ec/ecp_oct.obj
d:/edk2/edk2/Build/OvmfX64/DEBUG_VS2019/X64/CryptoPkg/Library/OpensslLib/OpensslLib/OUTPUT/openssl/crypto/ec/ecp_smpl.obj
d:/edk2/edk2/Build/OvmfX64/DEBUG_VS2019/X64/CryptoPkg/Library/OpensslLib/OpensslLib/OUTPUT/openssl/crypto/ec/ecx_meth.obj
d:/edk2/edk2/Build/OvmfX64/DEBUG_VS2019/X64/CryptoPkg/Library/OpensslLib/OpensslLib/OUTPUT/openssl/crypto/err/err.obj
d:/edk2/edk2/Build/OvmfX64/DEBUG_VS2019/X64/CryptoPkg/Library/OpensslLib/OpensslLib/OUTPUT/openssl/crypto/err/err_prn.obj
d:/edk2/edk2/Build/OvmfX64/DEBUG_VS2019/X64/CryptoPkg/Library/OpensslLib/OpensslLib/OUTPUT/openssl/crypto/evp/bio_b64.obj
d:/edk2/edk2/Build/OvmfX64/DEBUG_VS2019/X64/CryptoPkg/Library/OpensslLib/OpensslLib/OUTPUT/openssl/crypto/evp/bio_enc.obj
d:/edk2/edk2/Build/OvmfX64/DEBUG_VS2019/X64/CryptoPkg/Library/OpensslLib/OpensslLib/OUTPUT/openssl/crypto/evp/bio_md.obj
d:/edk2/edk2/Build/OvmfX64/DEBUG_VS2019/X64/CryptoPkg/Library/OpensslLib/OpensslLib/OUTPUT/openssl/crypto/evp/bio_ok.obj
d:/edk2/edk2/Build/OvmfX64/DEBUG_VS2019/X64/CryptoPkg/Library/OpensslLib/OpensslLib/OUTPUT/openssl/crypto/evp/c_allc.obj
d:/edk2/edk2/Build/OvmfX64/DEBUG_VS2019/X64/CryptoPkg/Library/OpensslLib/OpensslLib/OUTPUT/openssl/crypto/evp/c_alld.obj
d:/edk2/edk2/Build/OvmfX64/DEBUG_VS2019/X64/CryptoPkg/Library/OpensslLib/OpensslLib/OUTPUT/openssl/crypto/evp/cmeth_lib.obj
d:/edk2/edk2/Build/OvmfX64/DEBUG_VS2019/X64/CryptoPkg/Library/OpensslLib/OpensslLib/OUTPUT/openssl/crypto/evp/digest.obj
d:/edk2/edk2/Build/OvmfX64/DEBUG_VS2019/X64/CryptoPkg/Library/OpensslLib/OpensslLib/OUTPUT/openssl/crypto/evp/e_aes.obj
d:/edk2/edk2/Build/OvmfX64/DEBUG_VS2019/X64/CryptoPkg/Library/OpensslLib/OpensslLib/OUTPUT/openssl/crypto/evp/e_aes_cbc_hmac_sha1.obj
d:/edk2/edk2/Build/OvmfX64/DEBUG_VS2019/X64/CryptoPkg/Library/OpensslLib/OpensslLib/OUTPUT/openssl/crypto/evp/e_aes_cbc_hmac_sha256.obj
d:/edk2/edk2/Build/OvmfX64/DEBUG_VS2019/X64/CryptoPkg/Library/OpensslLib/OpensslLib/OUTPUT/openssl/crypto/evp/e_aria.obj
d:/edk2/edk2/Build/OvmfX64/DEBUG_VS2019/X64/CryptoPkg/Library/OpensslLib/OpensslLib/OUTPUT/openssl/crypto/evp/e_bf.obj
d:/edk2/edk2/Build/OvmfX64/DEBUG_VS2019/X64/CryptoPkg/Library/OpensslLib/OpensslLib/OUTPUT/openssl/crypto/evp/e_camellia.obj
d:/edk2/edk2/Build/OvmfX64/DEBUG_VS2019/X64/CryptoPkg/Library/OpensslLib/OpensslLib/OUTPUT/openssl/crypto/evp/e_cast.obj
d:/edk2/edk2/Build/OvmfX64/DEBUG_VS2019/X64/CryptoPkg/Library/OpensslLib/OpensslLib/OUTPUT/openssl/crypto/evp/e_chacha20_poly1305.obj
d:/edk2/edk2/Build/OvmfX64/DEBUG_VS2019/X64/CryptoPkg/Library/OpensslLib/OpensslLib/OUTPUT/openssl/crypto/evp/e_des.obj
d:/edk2/edk2/Build/OvmfX64/DEBUG_VS2019/X64/CryptoPkg/Library/OpensslLib/OpensslLib/OUTPUT/openssl/crypto/evp/e_des3.obj
d:/edk2/edk2/Build/OvmfX64/DEBUG_VS2019/X64/CryptoPkg/Library/OpensslLib/OpensslLib/OUTPUT/openssl/crypto/evp/e_idea.obj
d:/edk2/edk2/Build/OvmfX64/DEBUG_VS2019/X64/CryptoPkg/Library/OpensslLib/OpensslLib/OUTPUT/openssl/crypto/evp/e_null.obj
d:/edk2/edk2/Build/OvmfX64/DEBUG_VS2019/X64/CryptoPkg/Library/OpensslLib/OpensslLib/OUTPUT/openssl/crypto/evp/e_old.obj
d:/edk2/edk2/Build/OvmfX64/DEBUG_VS2019/X64/CryptoPkg/Library/OpensslLib/OpensslLib/OUTPUT/openssl/crypto/evp/e_rc2.obj
d:/edk2/edk2/Build/OvmfX64/DEBUG_VS2019/X64/CryptoPkg/Library/OpensslLib/OpensslLib/OUTPUT/openssl/crypto/evp/e_rc4.obj
d:/edk2/edk2/Build/OvmfX64/DEBUG_VS2019/X64/CryptoPkg/Library/OpensslLib/OpensslLib/OUTPUT/openssl/crypto/evp/e_rc4_hmac_md5.obj
d:/edk2/edk2/Build/OvmfX64/DEBUG_VS2019/X64/CryptoPkg/Library/OpensslLib/OpensslLib/OUTPUT/openssl/crypto/evp/e_rc5.obj
d:/edk2/edk2/Build/OvmfX64/DEBUG_VS2019/X64/CryptoPkg/Library/OpensslLib/OpensslLib/OUTPUT/openssl/crypto/evp/e_seed.obj
d:/edk2/edk2/Build/OvmfX64/DEBUG_VS2019/X64/CryptoPkg/Library/OpensslLib/OpensslLib/OUTPUT/openssl/crypto/evp/e_sm4.obj
d:/edk2/edk2/Build/OvmfX64/DEBUG_VS2019/X64/CryptoPkg/Library/OpensslLib/OpensslLib/OUTPUT/openssl/crypto/evp/e_xcbc_d.obj
d:/edk2/edk2/Build/OvmfX64/DEBUG_VS2019/X64/CryptoPkg/Library/OpensslLib/OpensslLib/OUTPUT/openssl/crypto/evp/encode.obj
d:/edk2/edk2/Build/OvmfX64/DEBUG_VS2019/X64/CryptoPkg/Library/OpensslLib/OpensslLib/OUTPUT/openssl/crypto/evp/evp_cnf.obj
d:/edk2/edk2/Build/OvmfX64/DEBUG_VS2019/X64/CryptoPkg/Library/OpensslLib/OpensslLib/OUTPUT/openssl/crypto/evp/evp_enc.obj
d:/edk2/edk2/Build/OvmfX64/DEBUG_VS2019/X64/CryptoPkg/Library/OpensslLib/OpensslLib/OUTPUT/openssl/crypto/evp/evp_err.obj
d:/edk2/edk2/Build/OvmfX64/DEBUG_VS2019/X64/CryptoPkg/Library/OpensslLib/OpensslLib/OUTPUT/openssl/crypto/evp/evp_key.obj
d:/edk2/edk2/Build/OvmfX64/DEBUG_VS2019/X64/CryptoPkg/Library/OpensslLib/OpensslLib/OUTPUT/openssl/crypto/evp/evp_lib.obj
d:/edk2/edk2/Build/OvmfX64/DEBUG_VS2019/X64/CryptoPkg/Library/OpensslLib/OpensslLib/OUTPUT/openssl/crypto/evp/evp_pbe.obj
d:/edk2/edk2/Build/OvmfX64/DEBUG_VS2019/X64/CryptoPkg/Library/OpensslLib/OpensslLib/OUTPUT/openssl/crypto/evp/evp_pkey.obj
d:/edk2/edk2/Build/OvmfX64/DEBUG_VS2019/X64/CryptoPkg/Library/OpensslLib/OpensslLib/OUTPUT/openssl/crypto/evp/m_md2.obj
d:/edk2/edk2/Build/OvmfX64/DEBUG_VS2019/X64/CryptoPkg/Library/OpensslLib/OpensslLib/OUTPUT/openssl/crypto/evp/m_md4.obj
d:/edk2/edk2/Build/OvmfX64/DEBUG_VS2019/X64/CryptoPkg/Library/OpensslLib/OpensslLib/OUTPUT/openssl/crypto/evp/m_md5.obj
d:/edk2/edk2/Build/OvmfX64/DEBUG_VS2019/X64/CryptoPkg/Library/OpensslLib/OpensslLib/OUTPUT/openssl/crypto/evp/m_md5_sha1.obj
d:/edk2/edk2/Build/OvmfX64/DEBUG_VS2019/X64/CryptoPkg/Library/OpensslLib/OpensslLib/OUTPUT/openssl/crypto/evp/m_mdc2.obj
d:/edk2/edk2/Build/OvmfX64/DEBUG_VS2019/X64/CryptoPkg/Library/OpensslLib/OpensslLib/OUTPUT/openssl/crypto/evp/m_null.obj
d:/edk2/edk2/Build/OvmfX64/DEBUG_VS2019/X64/CryptoPkg/Library/OpensslLib/OpensslLib/OUTPUT/openssl/crypto/evp/m_ripemd.obj
d:/edk2/edk2/Build/OvmfX64/DEBUG_VS2019/X64/CryptoPkg/Library/OpensslLib/OpensslLib/OUTPUT/openssl/crypto/evp/m_sha1.obj
d:/edk2/edk2/Build/OvmfX64/DEBUG_VS2019/X64/CryptoPkg/Library/OpensslLib/OpensslLib/OUTPUT/openssl/crypto/evp/m_sha3.obj
d:/edk2/edk2/Build/OvmfX64/DEBUG_VS2019/X64/CryptoPkg/Library/OpensslLib/OpensslLib/OUTPUT/openssl/crypto/evp/m_sigver.obj
d:/edk2/edk2/Build/OvmfX64/DEBUG_VS2019/X64/CryptoPkg/Library/OpensslLib/OpensslLib/OUTPUT/openssl/crypto/evp/m_wp.obj
d:/edk2/edk2/Build/OvmfX64/DEBUG_VS2019/X64/CryptoPkg/Library/OpensslLib/OpensslLib/OUTPUT/openssl/crypto/evp/names.obj
d:/edk2/edk2/Build/OvmfX64/DEBUG_VS2019/X64/CryptoPkg/Library/OpensslLib/OpensslLib/OUTPUT/openssl/crypto/evp/p5_crpt.obj
d:/edk2/edk2/Build/OvmfX64/DEBUG_VS2019/X64/CryptoPkg/Library/OpensslLib/OpensslLib/OUTPUT/openssl/crypto/evp/p5_crpt2.obj
d:/edk2/edk2/Build/OvmfX64/DEBUG_VS2019/X64/CryptoPkg/Library/OpensslLib/OpensslLib/OUTPUT/openssl/crypto/evp/p_dec.obj
d:/edk2/edk2/Build/OvmfX64/DEBUG_VS2019/X64/CryptoPkg/Library/OpensslLib/OpensslLib/OUTPUT/openssl/crypto/evp/p_enc.obj
d:/edk2/edk2/Build/OvmfX64/DEBUG_VS2019/X64/CryptoPkg/Library/OpensslLib/OpensslLib/OUTPUT/openssl/crypto/evp/p_lib.obj
d:/edk2/edk2/Build/OvmfX64/DEBUG_VS2019/X64/CryptoPkg/Library/OpensslLib/OpensslLib/OUTPUT/openssl/crypto/evp/p_open.obj
d:/edk2/edk2/Build/OvmfX64/DEBUG_VS2019/X64/CryptoPkg/Library/OpensslLib/OpensslLib/OUTPUT/openssl/crypto/evp/p_seal.obj
d:/edk2/edk2/Build/OvmfX64/DEBUG_VS2019/X64/CryptoPkg/Library/OpensslLib/OpensslLib/OUTPUT/openssl/crypto/evp/p_sign.obj
d:/edk2/edk2/Build/OvmfX64/DEBUG_VS2019/X64/CryptoPkg/Library/OpensslLib/OpensslLib/OUTPUT/openssl/crypto/evp/p_verify.obj
d:/edk2/edk2/Build/OvmfX64/DEBUG_VS2019/X64/CryptoPkg/Library/OpensslLib/OpensslLib/OUTPUT/openssl/crypto/evp/pbe_scrypt.obj
d:/edk2/edk2/Build/OvmfX64/DEBUG_VS2019/X64/CryptoPkg/Library/OpensslLib/OpensslLib/OUTPUT/openssl/crypto/evp/pmeth_fn.obj
d:/edk2/edk2/Build/OvmfX64/DEBUG_VS2019/X64/CryptoPkg/Library/OpensslLib/OpensslLib/OUTPUT/openssl/crypto/evp/pmeth_gn.obj
d:/edk2/edk2/Build/OvmfX64/DEBUG_VS2019/X64/CryptoPkg/Library/OpensslLib/OpensslLib/OUTPUT/openssl/crypto/evp/pmeth_lib.obj
d:/edk2/edk2/Build/OvmfX64/DEBUG_VS2019/X64/CryptoPkg/Library/OpensslLib/OpensslLib/OUTPUT/openssl/crypto/ex_data.obj
d:/edk2/edk2/Build/OvmfX64/DEBUG_VS2019/X64/CryptoPkg/Library/OpensslLib/OpensslLib/OUTPUT/openssl/crypto/getenv.obj
d:/edk2/edk2/Build/OvmfX64/DEBUG_VS2019/X64/CryptoPkg/Library/OpensslLib/OpensslLib/OUTPUT/openssl/crypto/hmac/hm_ameth.obj
d:/edk2/edk2/Build/OvmfX64/DEBUG_VS2019/X64/CryptoPkg/Library/OpensslLib/OpensslLib/OUTPUT/openssl/crypto/hmac/hm_pmeth.obj
d:/edk2/edk2/Build/OvmfX64/DEBUG_VS2019/X64/CryptoPkg/Library/OpensslLib/OpensslLib/OUTPUT/openssl/crypto/hmac/hmac.obj
d:/edk2/edk2/Build/OvmfX64/DEBUG_VS2019/X64/CryptoPkg/Library/OpensslLib/OpensslLib/OUTPUT/openssl/crypto/init.obj
d:/edk2/edk2/Build/OvmfX64/DEBUG_VS2019/X64/CryptoPkg/Library/OpensslLib/OpensslLib/OUTPUT/openssl/crypto/kdf/hkdf.obj
d:/edk2/edk2/Build/OvmfX64/DEBUG_VS2019/X64/CryptoPkg/Library/OpensslLib/OpensslLib/OUTPUT/openssl/crypto/kdf/kdf_err.obj
d:/edk2/edk2/Build/OvmfX64/DEBUG_VS2019/X64/CryptoPkg/Library/OpensslLib/OpensslLib/OUTPUT/openssl/crypto/kdf/scrypt.obj
d:/edk2/edk2/Build/OvmfX64/DEBUG_VS2019/X64/CryptoPkg/Library/OpensslLib/OpensslLib/OUTPUT/openssl/crypto/kdf/tls1_prf.obj
d:/edk2/edk2/Build/OvmfX64/DEBUG_VS2019/X64/CryptoPkg/Library/OpensslLib/OpensslLib/OUTPUT/openssl/crypto/lhash/lh_stats.obj
d:/edk2/edk2/Build/OvmfX64/DEBUG_VS2019/X64/CryptoPkg/Library/OpensslLib/OpensslLib/OUTPUT/openssl/crypto/lhash/lhash.obj
d:/edk2/edk2/Build/OvmfX64/DEBUG_VS2019/X64/CryptoPkg/Library/OpensslLib/OpensslLib/OUTPUT/openssl/crypto/md5/md5_dgst.obj
d:/edk2/edk2/Build/OvmfX64/DEBUG_VS2019/X64/CryptoPkg/Library/OpensslLib/OpensslLib/OUTPUT/openssl/crypto/md5/md5_one.obj
d:/edk2/edk2/Build/OvmfX64/DEBUG_VS2019/X64/CryptoPkg/Library/OpensslLib/OpensslLib/OUTPUT/openssl/crypto/mem.obj
d:/edk2/edk2/Build/OvmfX64/DEBUG_VS2019/X64/CryptoPkg/Library/OpensslLib/OpensslLib/OUTPUT/openssl/crypto/mem_clr.obj
d:/edk2/edk2/Build/OvmfX64/DEBUG_VS2019/X64/CryptoPkg/Library/OpensslLib/OpensslLib/OUTPUT/openssl/crypto/mem_dbg.obj
d:/edk2/edk2/Build/OvmfX64/DEBUG_VS2019/X64/CryptoPkg/Library/OpensslLib/OpensslLib/OUTPUT/openssl/crypto/mem_sec.obj
d:/edk2/edk2/Build/OvmfX64/DEBUG_VS2019/X64/CryptoPkg/Library/OpensslLib/OpensslLib/OUTPUT/openssl/crypto/modes/cbc128.obj
d:/edk2/edk2/Build/OvmfX64/DEBUG_VS2019/X64/CryptoPkg/Library/OpensslLib/OpensslLib/OUTPUT/openssl/crypto/modes/ccm128.obj
d:/edk2/edk2/Build/OvmfX64/DEBUG_VS2019/X64/CryptoPkg/Library/OpensslLib/OpensslLib/OUTPUT/openssl/crypto/modes/cfb128.obj
d:/edk2/edk2/Build/OvmfX64/DEBUG_VS2019/X64/CryptoPkg/Library/OpensslLib/OpensslLib/OUTPUT/openssl/crypto/modes/ctr128.obj
d:/edk2/edk2/Build/OvmfX64/DEBUG_VS2019/X64/CryptoPkg/Library/OpensslLib/OpensslLib/OUTPUT/openssl/crypto/modes/cts128.obj
d:/edk2/edk2/Build/OvmfX64/DEBUG_VS2019/X64/CryptoPkg/Library/OpensslLib/OpensslLib/OUTPUT/openssl/crypto/modes/gcm128.obj
d:/edk2/edk2/Build/OvmfX64/DEBUG_VS2019/X64/CryptoPkg/Library/OpensslLib/OpensslLib/OUTPUT/openssl/crypto/modes/ocb128.obj
d:/edk2/edk2/Build/OvmfX64/DEBUG_VS2019/X64/CryptoPkg/Library/OpensslLib/OpensslLib/OUTPUT/openssl/crypto/modes/ofb128.obj
d:/edk2/edk2/Build/OvmfX64/DEBUG_VS2019/X64/CryptoPkg/Library/OpensslLib/OpensslLib/OUTPUT/openssl/crypto/modes/wrap128.obj
d:/edk2/edk2/Build/OvmfX64/DEBUG_VS2019/X64/CryptoPkg/Library/OpensslLib/OpensslLib/OUTPUT/openssl/crypto/modes/xts128.obj
d:/edk2/edk2/Build/OvmfX64/DEBUG_VS2019/X64/CryptoPkg/Library/OpensslLib/OpensslLib/OUTPUT/openssl/crypto/o_dir.obj
d:/edk2/edk2/Build/OvmfX64/DEBUG_VS2019/X64/CryptoPkg/Library/OpensslLib/OpensslLib/OUTPUT/openssl/crypto/o_fips.obj
d:/edk2/edk2/Build/OvmfX64/DEBUG_VS2019/X64/CryptoPkg/Library/OpensslLib/OpensslLib/OUTPUT/openssl/crypto/o_fopen.obj
d:/edk2/edk2/Build/OvmfX64/DEBUG_VS2019/X64/CryptoPkg/Library/OpensslLib/OpensslLib/OUTPUT/openssl/crypto/o_init.obj
d:/edk2/edk2/Build/OvmfX64/DEBUG_VS2019/X64/CryptoPkg/Library/OpensslLib/OpensslLib/OUTPUT/openssl/crypto/o_str.obj
d:/edk2/edk2/Build/OvmfX64/DEBUG_VS2019/X64/CryptoPkg/Library/OpensslLib/OpensslLib/OUTPUT/openssl/crypto/o_time.obj
d:/edk2/edk2/Build/OvmfX64/DEBUG_VS2019/X64/CryptoPkg/Library/OpensslLib/OpensslLib/OUTPUT/openssl/crypto/objects/o_names.obj
d:/edk2/edk2/Build/OvmfX64/DEBUG_VS2019/X64/CryptoPkg/Library/OpensslLib/OpensslLib/OUTPUT/openssl/crypto/objects/obj_dat.obj
d:/edk2/edk2/Build/OvmfX64/DEBUG_VS2019/X64/CryptoPkg/Library/OpensslLib/OpensslLib/OUTPUT/openssl/crypto/objects/obj_err.obj
d:/edk2/edk2/Build/OvmfX64/DEBUG_VS2019/X64/CryptoPkg/Library/OpensslLib/OpensslLib/OUTPUT/openssl/crypto/objects/obj_lib.obj
d:/edk2/edk2/Build/OvmfX64/DEBUG_VS2019/X64/CryptoPkg/Library/OpensslLib/OpensslLib/OUTPUT/openssl/crypto/objects/obj_xref.obj
d:/edk2/edk2/Build/OvmfX64/DEBUG_VS2019/X64/CryptoPkg/Library/OpensslLib/OpensslLib/OUTPUT/openssl/crypto/ocsp/ocsp_asn.obj
d:/edk2/edk2/Build/OvmfX64/DEBUG_VS2019/X64/CryptoPkg/Library/OpensslLib/OpensslLib/OUTPUT/openssl/crypto/ocsp/ocsp_cl.obj
d:/edk2/edk2/Build/OvmfX64/DEBUG_VS2019/X64/CryptoPkg/Library/OpensslLib/OpensslLib/OUTPUT/openssl/crypto/ocsp/ocsp_err.obj
d:/edk2/edk2/Build/OvmfX64/DEBUG_VS2019/X64/CryptoPkg/Library/OpensslLib/OpensslLib/OUTPUT/openssl/crypto/ocsp/ocsp_ext.obj
d:/edk2/edk2/Build/OvmfX64/DEBUG_VS2019/X64/CryptoPkg/Library/OpensslLib/OpensslLib/OUTPUT/openssl/crypto/ocsp/ocsp_ht.obj
d:/edk2/edk2/Build/OvmfX64/DEBUG_VS2019/X64/CryptoPkg/Library/OpensslLib/OpensslLib/OUTPUT/openssl/crypto/ocsp/ocsp_lib.obj
d:/edk2/edk2/Build/OvmfX64/DEBUG_VS2019/X64/CryptoPkg/Library/OpensslLib/OpensslLib/OUTPUT/openssl/crypto/ocsp/ocsp_prn.obj
d:/edk2/edk2/Build/OvmfX64/DEBUG_VS2019/X64/CryptoPkg/Library/OpensslLib/OpensslLib/OUTPUT/openssl/crypto/ocsp/ocsp_srv.obj
d:/edk2/edk2/Build/OvmfX64/DEBUG_VS2019/X64/CryptoPkg/Library/OpensslLib/OpensslLib/OUTPUT/openssl/crypto/ocsp/ocsp_vfy.obj
d:/edk2/edk2/Build/OvmfX64/DEBUG_VS2019/X64/CryptoPkg/Library/OpensslLib/OpensslLib/OUTPUT/openssl/crypto/ocsp/v3_ocsp.obj
d:/edk2/edk2/Build/OvmfX64/DEBUG_VS2019/X64/CryptoPkg/Library/OpensslLib/OpensslLib/OUTPUT/openssl/crypto/pem/pem_all.obj
d:/edk2/edk2/Build/OvmfX64/DEBUG_VS2019/X64/CryptoPkg/Library/OpensslLib/OpensslLib/OUTPUT/openssl/crypto/pem/pem_err.obj
d:/edk2/edk2/Build/OvmfX64/DEBUG_VS2019/X64/CryptoPkg/Library/OpensslLib/OpensslLib/OUTPUT/openssl/crypto/pem/pem_info.obj
d:/edk2/edk2/Build/OvmfX64/DEBUG_VS2019/X64/CryptoPkg/Library/OpensslLib/OpensslLib/OUTPUT/openssl/crypto/pem/pem_lib.obj
d:/edk2/edk2/Build/OvmfX64/DEBUG_VS2019/X64/CryptoPkg/Library/OpensslLib/OpensslLib/OUTPUT/openssl/crypto/pem/pem_oth.obj
d:/edk2/edk2/Build/OvmfX64/DEBUG_VS2019/X64/CryptoPkg/Library/OpensslLib/OpensslLib/OUTPUT/openssl/crypto/pem/pem_pk8.obj
d:/edk2/edk2/Build/OvmfX64/DEBUG_VS2019/X64/CryptoPkg/Library/OpensslLib/OpensslLib/OUTPUT/openssl/crypto/pem/pem_pkey.obj
d:/edk2/edk2/Build/OvmfX64/DEBUG_VS2019/X64/CryptoPkg/Library/OpensslLib/OpensslLib/OUTPUT/openssl/crypto/pem/pem_sign.obj
d:/edk2/edk2/Build/OvmfX64/DEBUG_VS2019/X64/CryptoPkg/Library/OpensslLib/OpensslLib/OUTPUT/openssl/crypto/pem/pem_x509.obj
d:/edk2/edk2/Build/OvmfX64/DEBUG_VS2019/X64/CryptoPkg/Library/OpensslLib/OpensslLib/OUTPUT/openssl/crypto/pem/pem_xaux.obj
d:/edk2/edk2/Build/OvmfX64/DEBUG_VS2019/X64/CryptoPkg/Library/OpensslLib/OpensslLib/OUTPUT/openssl/crypto/pem/pvkfmt.obj
d:/edk2/edk2/Build/OvmfX64/DEBUG_VS2019/X64/CryptoPkg/Library/OpensslLib/OpensslLib/OUTPUT/openssl/crypto/pkcs12/p12_add.obj
d:/edk2/edk2/Build/OvmfX64/DEBUG_VS2019/X64/CryptoPkg/Library/OpensslLib/OpensslLib/OUTPUT/openssl/crypto/pkcs12/p12_asn.obj
d:/edk2/edk2/Build/OvmfX64/DEBUG_VS2019/X64/CryptoPkg/Library/OpensslLib/OpensslLib/OUTPUT/openssl/crypto/pkcs12/p12_attr.obj
d:/edk2/edk2/Build/OvmfX64/DEBUG_VS2019/X64/CryptoPkg/Library/OpensslLib/OpensslLib/OUTPUT/openssl/crypto/pkcs12/p12_crpt.obj
d:/edk2/edk2/Build/OvmfX64/DEBUG_VS2019/X64/CryptoPkg/Library/OpensslLib/OpensslLib/OUTPUT/openssl/crypto/pkcs12/p12_crt.obj
d:/edk2/edk2/Build/OvmfX64/DEBUG_VS2019/X64/CryptoPkg/Library/OpensslLib/OpensslLib/OUTPUT/openssl/crypto/pkcs12/p12_decr.obj
d:/edk2/edk2/Build/OvmfX64/DEBUG_VS2019/X64/CryptoPkg/Library/OpensslLib/OpensslLib/OUTPUT/openssl/crypto/pkcs12/p12_init.obj
d:/edk2/edk2/Build/OvmfX64/DEBUG_VS2019/X64/CryptoPkg/Library/OpensslLib/OpensslLib/OUTPUT/openssl/crypto/pkcs12/p12_key.obj
d:/edk2/edk2/Build/OvmfX64/DEBUG_VS2019/X64/CryptoPkg/Library/OpensslLib/OpensslLib/OUTPUT/openssl/crypto/pkcs12/p12_kiss.obj
d:/edk2/edk2/Build/OvmfX64/DEBUG_VS2019/X64/CryptoPkg/Library/OpensslLib/OpensslLib/OUTPUT/openssl/crypto/pkcs12/p12_mutl.obj
d:/edk2/edk2/Build/OvmfX64/DEBUG_VS2019/X64/CryptoPkg/Library/OpensslLib/OpensslLib/OUTPUT/openssl/crypto/pkcs12/p12_npas.obj
d:/edk2/edk2/Build/OvmfX64/DEBUG_VS2019/X64/CryptoPkg/Library/OpensslLib/OpensslLib/OUTPUT/openssl/crypto/pkcs12/p12_p8d.obj
d:/edk2/edk2/Build/OvmfX64/DEBUG_VS2019/X64/CryptoPkg/Library/OpensslLib/OpensslLib/OUTPUT/openssl/crypto/pkcs12/p12_p8e.obj
d:/edk2/edk2/Build/OvmfX64/DEBUG_VS2019/X64/CryptoPkg/Library/OpensslLib/OpensslLib/OUTPUT/openssl/crypto/pkcs12/p12_sbag.obj
d:/edk2/edk2/Build/OvmfX64/DEBUG_VS2019/X64/CryptoPkg/Library/OpensslLib/OpensslLib/OUTPUT/openssl/crypto/pkcs12/p12_utl.obj
d:/edk2/edk2/Build/OvmfX64/DEBUG_VS2019/X64/CryptoPkg/Library/OpensslLib/OpensslLib/OUTPUT/openssl/crypto/pkcs12/pk12err.obj
d:/edk2/edk2/Build/OvmfX64/DEBUG_VS2019/X64/CryptoPkg/Library/OpensslLib/OpensslLib/OUTPUT/openssl/crypto/pkcs7/bio_pk7.obj
d:/edk2/edk2/Build/OvmfX64/DEBUG_VS2019/X64/CryptoPkg/Library/OpensslLib/OpensslLib/OUTPUT/openssl/crypto/pkcs7/pk7_asn1.obj
d:/edk2/edk2/Build/OvmfX64/DEBUG_VS2019/X64/CryptoPkg/Library/OpensslLib/OpensslLib/OUTPUT/openssl/crypto/pkcs7/pk7_attr.obj
d:/edk2/edk2/Build/OvmfX64/DEBUG_VS2019/X64/CryptoPkg/Library/OpensslLib/OpensslLib/OUTPUT/openssl/crypto/pkcs7/pk7_doit.obj
d:/edk2/edk2/Build/OvmfX64/DEBUG_VS2019/X64/CryptoPkg/Library/OpensslLib/OpensslLib/OUTPUT/openssl/crypto/pkcs7/pk7_lib.obj
d:/edk2/edk2/Build/OvmfX64/DEBUG_VS2019/X64/CryptoPkg/Library/OpensslLib/OpensslLib/OUTPUT/openssl/crypto/pkcs7/pk7_mime.obj
d:/edk2/edk2/Build/OvmfX64/DEBUG_VS2019/X64/CryptoPkg/Library/OpensslLib/OpensslLib/OUTPUT/openssl/crypto/pkcs7/pk7_smime.obj
d:/edk2/edk2/Build/OvmfX64/DEBUG_VS2019/X64/CryptoPkg/Library/OpensslLib/OpensslLib/OUTPUT/openssl/crypto/pkcs7/pkcs7err.obj
d:/edk2/edk2/Build/OvmfX64/DEBUG_VS2019/X64/CryptoPkg/Library/OpensslLib/OpensslLib/OUTPUT/openssl/crypto/rand/drbg_ctr.obj
d:/edk2/edk2/Build/OvmfX64/DEBUG_VS2019/X64/CryptoPkg/Library/OpensslLib/OpensslLib/OUTPUT/openssl/crypto/rand/drbg_lib.obj
d:/edk2/edk2/Build/OvmfX64/DEBUG_VS2019/X64/CryptoPkg/Library/OpensslLib/OpensslLib/OUTPUT/openssl/crypto/rand/rand_egd.obj
d:/edk2/edk2/Build/OvmfX64/DEBUG_VS2019/X64/CryptoPkg/Library/OpensslLib/OpensslLib/OUTPUT/openssl/crypto/rand/rand_err.obj
d:/edk2/edk2/Build/OvmfX64/DEBUG_VS2019/X64/CryptoPkg/Library/OpensslLib/OpensslLib/OUTPUT/openssl/crypto/rand/rand_lib.obj
d:/edk2/edk2/Build/OvmfX64/DEBUG_VS2019/X64/CryptoPkg/Library/OpensslLib/OpensslLib/OUTPUT/openssl/crypto/rand/rand_unix.obj
d:/edk2/edk2/Build/OvmfX64/DEBUG_VS2019/X64/CryptoPkg/Library/OpensslLib/OpensslLib/OUTPUT/openssl/crypto/rand/rand_vms.obj
d:/edk2/edk2/Build/OvmfX64/DEBUG_VS2019/X64/CryptoPkg/Library/OpensslLib/OpensslLib/OUTPUT/openssl/crypto/rand/rand_win.obj
d:/edk2/edk2/Build/OvmfX64/DEBUG_VS2019/X64/CryptoPkg/Library/OpensslLib/OpensslLib/OUTPUT/openssl/crypto/rsa/rsa_ameth.obj
d:/edk2/edk2/Build/OvmfX64/DEBUG_VS2019/X64/CryptoPkg/Library/OpensslLib/OpensslLib/OUTPUT/openssl/crypto/rsa/rsa_asn1.obj
d:/edk2/edk2/Build/OvmfX64/DEBUG_VS2019/X64/CryptoPkg/Library/OpensslLib/OpensslLib/OUTPUT/openssl/crypto/rsa/rsa_chk.obj
d:/edk2/edk2/Build/OvmfX64/DEBUG_VS2019/X64/CryptoPkg/Library/OpensslLib/OpensslLib/OUTPUT/openssl/crypto/rsa/rsa_crpt.obj
d:/edk2/edk2/Build/OvmfX64/DEBUG_VS2019/X64/CryptoPkg/Library/OpensslLib/OpensslLib/OUTPUT/openssl/crypto/rsa/rsa_depr.obj
d:/edk2/edk2/Build/OvmfX64/DEBUG_VS2019/X64/CryptoPkg/Library/OpensslLib/OpensslLib/OUTPUT/openssl/crypto/rsa/rsa_err.obj
d:/edk2/edk2/Build/OvmfX64/DEBUG_VS2019/X64/CryptoPkg/Library/OpensslLib/OpensslLib/OUTPUT/openssl/crypto/rsa/rsa_gen.obj
d:/edk2/edk2/Build/OvmfX64/DEBUG_VS2019/X64/CryptoPkg/Library/OpensslLib/OpensslLib/OUTPUT/openssl/crypto/rsa/rsa_lib.obj
d:/edk2/edk2/Build/OvmfX64/DEBUG_VS2019/X64/CryptoPkg/Library/OpensslLib/OpensslLib/OUTPUT/openssl/crypto/rsa/rsa_meth.obj
d:/edk2/edk2/Build/OvmfX64/DEBUG_VS2019/X64/CryptoPkg/Library/OpensslLib/OpensslLib/OUTPUT/openssl/crypto/rsa/rsa_mp.obj
d:/edk2/edk2/Build/OvmfX64/DEBUG_VS2019/X64/CryptoPkg/Library/OpensslLib/OpensslLib/OUTPUT/openssl/crypto/rsa/rsa_none.obj
d:/edk2/edk2/Build/OvmfX64/DEBUG_VS2019/X64/CryptoPkg/Library/OpensslLib/OpensslLib/OUTPUT/openssl/crypto/rsa/rsa_oaep.obj
d:/edk2/edk2/Build/OvmfX64/DEBUG_VS2019/X64/CryptoPkg/Library/OpensslLib/OpensslLib/OUTPUT/openssl/crypto/rsa/rsa_ossl.obj
d:/edk2/edk2/Build/OvmfX64/DEBUG_VS2019/X64/CryptoPkg/Library/OpensslLib/OpensslLib/OUTPUT/openssl/crypto/rsa/rsa_pk1.obj
d:/edk2/edk2/Build/OvmfX64/DEBUG_VS2019/X64/CryptoPkg/Library/OpensslLib/OpensslLib/OUTPUT/openssl/crypto/rsa/rsa_pmeth.obj
d:/edk2/edk2/Build/OvmfX64/DEBUG_VS2019/X64/CryptoPkg/Library/OpensslLib/OpensslLib/OUTPUT/openssl/crypto/rsa/rsa_prn.obj
d:/edk2/edk2/Build/OvmfX64/DEBUG_VS2019/X64/CryptoPkg/Library/OpensslLib/OpensslLib/OUTPUT/openssl/crypto/rsa/rsa_pss.obj
d:/edk2/edk2/Build/OvmfX64/DEBUG_VS2019/X64/CryptoPkg/Library/OpensslLib/OpensslLib/OUTPUT/openssl/crypto/rsa/rsa_saos.obj
d:/edk2/edk2/Build/OvmfX64/DEBUG_VS2019/X64/CryptoPkg/Library/OpensslLib/OpensslLib/OUTPUT/openssl/crypto/rsa/rsa_sign.obj
d:/edk2/edk2/Build/OvmfX64/DEBUG_VS2019/X64/CryptoPkg/Library/OpensslLib/OpensslLib/OUTPUT/openssl/crypto/rsa/rsa_ssl.obj
d:/edk2/edk2/Build/OvmfX64/DEBUG_VS2019/X64/CryptoPkg/Library/OpensslLib/OpensslLib/OUTPUT/openssl/crypto/rsa/rsa_x931.obj
d:/edk2/edk2/Build/OvmfX64/DEBUG_VS2019/X64/CryptoPkg/Library/OpensslLib/OpensslLib/OUTPUT/openssl/crypto/rsa/rsa_x931g.obj
d:/edk2/edk2/Build/OvmfX64/DEBUG_VS2019/X64/CryptoPkg/Library/OpensslLib/OpensslLib/OUTPUT/openssl/crypto/sha/keccak1600.obj
d:/edk2/edk2/Build/OvmfX64/DEBUG_VS2019/X64/CryptoPkg/Library/OpensslLib/OpensslLib/OUTPUT/openssl/crypto/sha/sha1_one.obj
d:/edk2/edk2/Build/OvmfX64/DEBUG_VS2019/X64/CryptoPkg/Library/OpensslLib/OpensslLib/OUTPUT/openssl/crypto/sha/sha1dgst.obj
d:/edk2/edk2/Build/OvmfX64/DEBUG_VS2019/X64/CryptoPkg/Library/OpensslLib/OpensslLib/OUTPUT/openssl/crypto/sha/sha256.obj
d:/edk2/edk2/Build/OvmfX64/DEBUG_VS2019/X64/CryptoPkg/Library/OpensslLib/OpensslLib/OUTPUT/openssl/crypto/sha/sha512.obj
d:/edk2/edk2/Build/OvmfX64/DEBUG_VS2019/X64/CryptoPkg/Library/OpensslLib/OpensslLib/OUTPUT/openssl/crypto/siphash/siphash.obj
d:/edk2/edk2/Build/OvmfX64/DEBUG_VS2019/X64/CryptoPkg/Library/OpensslLib/OpensslLib/OUTPUT/openssl/crypto/siphash/siphash_ameth.obj
d:/edk2/edk2/Build/OvmfX64/DEBUG_VS2019/X64/CryptoPkg/Library/OpensslLib/OpensslLib/OUTPUT/openssl/crypto/siphash/siphash_pmeth.obj
d:/edk2/edk2/Build/OvmfX64/DEBUG_VS2019/X64/CryptoPkg/Library/OpensslLib/OpensslLib/OUTPUT/openssl/crypto/sm2/sm2_crypt.obj
d:/edk2/edk2/Build/OvmfX64/DEBUG_VS2019/X64/CryptoPkg/Library/OpensslLib/OpensslLib/OUTPUT/openssl/crypto/sm2/sm2_err.obj
d:/edk2/edk2/Build/OvmfX64/DEBUG_VS2019/X64/CryptoPkg/Library/OpensslLib/OpensslLib/OUTPUT/openssl/crypto/sm2/sm2_pmeth.obj
d:/edk2/edk2/Build/OvmfX64/DEBUG_VS2019/X64/CryptoPkg/Library/OpensslLib/OpensslLib/OUTPUT/openssl/crypto/sm2/sm2_sign.obj
d:/edk2/edk2/Build/OvmfX64/DEBUG_VS2019/X64/CryptoPkg/Library/OpensslLib/OpensslLib/OUTPUT/openssl/crypto/sm3/m_sm3.obj
d:/edk2/edk2/Build/OvmfX64/DEBUG_VS2019/X64/CryptoPkg/Library/OpensslLib/OpensslLib/OUTPUT/openssl/crypto/sm3/sm3.obj
d:/edk2/edk2/Build/OvmfX64/DEBUG_VS2019/X64/CryptoPkg/Library/OpensslLib/OpensslLib/OUTPUT/openssl/crypto/sm4/sm4.obj
d:/edk2/edk2/Build/OvmfX64/DEBUG_VS2019/X64/CryptoPkg/Library/OpensslLib/OpensslLib/OUTPUT/openssl/crypto/stack/stack.obj
d:/edk2/edk2/Build/OvmfX64/DEBUG_VS2019/X64/CryptoPkg/Library/OpensslLib/OpensslLib/OUTPUT/openssl/crypto/threads_none.obj
d:/edk2/edk2/Build/OvmfX64/DEBUG_VS2019/X64/CryptoPkg/Library/OpensslLib/OpensslLib/OUTPUT/openssl/crypto/threads_pthread.obj
d:/edk2/edk2/Build/OvmfX64/DEBUG_VS2019/X64/CryptoPkg/Library/OpensslLib/OpensslLib/OUTPUT/openssl/crypto/threads_win.obj
d:/edk2/edk2/Build/OvmfX64/DEBUG_VS2019/X64/CryptoPkg/Library/OpensslLib/OpensslLib/OUTPUT/openssl/crypto/txt_db/txt_db.obj
d:/edk2/edk2/Build/OvmfX64/DEBUG_VS2019/X64/CryptoPkg/Library/OpensslLib/OpensslLib/OUTPUT/openssl/crypto/ui/ui_err.obj
d:/edk2/edk2/Build/OvmfX64/DEBUG_VS2019/X64/CryptoPkg/Library/OpensslLib/OpensslLib/OUTPUT/openssl/crypto/ui/ui_lib.obj
d:/edk2/edk2/Build/OvmfX64/DEBUG_VS2019/X64/CryptoPkg/Library/OpensslLib/OpensslLib/OUTPUT/openssl/crypto/ui/ui_null.obj
d:/edk2/edk2/Build/OvmfX64/DEBUG_VS2019/X64/CryptoPkg/Library/OpensslLib/OpensslLib/OUTPUT/openssl/crypto/ui/ui_openssl.obj
d:/edk2/edk2/Build/OvmfX64/DEBUG_VS2019/X64/CryptoPkg/Library/OpensslLib/OpensslLib/OUTPUT/openssl/crypto/ui/ui_util.obj
d:/edk2/edk2/Build/OvmfX64/DEBUG_VS2019/X64/CryptoPkg/Library/OpensslLib/OpensslLib/OUTPUT/openssl/crypto/uid.obj
d:/edk2/edk2/Build/OvmfX64/DEBUG_VS2019/X64/CryptoPkg/Library/OpensslLib/OpensslLib/OUTPUT/openssl/crypto/x509/by_dir.obj
d:/edk2/edk2/Build/OvmfX64/DEBUG_VS2019/X64/CryptoPkg/Library/OpensslLib/OpensslLib/OUTPUT/openssl/crypto/x509/by_file.obj
d:/edk2/edk2/Build/OvmfX64/DEBUG_VS2019/X64/CryptoPkg/Library/OpensslLib/OpensslLib/OUTPUT/openssl/crypto/x509/t_crl.obj
d:/edk2/edk2/Build/OvmfX64/DEBUG_VS2019/X64/CryptoPkg/Library/OpensslLib/OpensslLib/OUTPUT/openssl/crypto/x509/t_req.obj
d:/edk2/edk2/Build/OvmfX64/DEBUG_VS2019/X64/CryptoPkg/Library/OpensslLib/OpensslLib/OUTPUT/openssl/crypto/x509/t_x509.obj
d:/edk2/edk2/Build/OvmfX64/DEBUG_VS2019/X64/CryptoPkg/Library/OpensslLib/OpensslLib/OUTPUT/openssl/crypto/x509/x509_att.obj
d:/edk2/edk2/Build/OvmfX64/DEBUG_VS2019/X64/CryptoPkg/Library/OpensslLib/OpensslLib/OUTPUT/openssl/crypto/x509/x509_cmp.obj
d:/edk2/edk2/Build/OvmfX64/DEBUG_VS2019/X64/CryptoPkg/Library/OpensslLib/OpensslLib/OUTPUT/openssl/crypto/x509/x509_d2.obj
d:/edk2/edk2/Build/OvmfX64/DEBUG_VS2019/X64/CryptoPkg/Library/OpensslLib/OpensslLib/OUTPUT/openssl/crypto/x509/x509_def.obj
d:/edk2/edk2/Build/OvmfX64/DEBUG_VS2019/X64/CryptoPkg/Library/OpensslLib/OpensslLib/OUTPUT/openssl/crypto/x509/x509_err.obj
d:/edk2/edk2/Build/OvmfX64/DEBUG_VS2019/X64/CryptoPkg/Library/OpensslLib/OpensslLib/OUTPUT/openssl/crypto/x509/x509_ext.obj
d:/edk2/edk2/Build/OvmfX64/DEBUG_VS2019/X64/CryptoPkg/Library/OpensslLib/OpensslLib/OUTPUT/openssl/crypto/x509/x509_lu.obj
d:/edk2/edk2/Build/OvmfX64/DEBUG_VS2019/X64/CryptoPkg/Library/OpensslLib/OpensslLib/OUTPUT/openssl/crypto/x509/x509_meth.obj
d:/edk2/edk2/Build/OvmfX64/DEBUG_VS2019/X64/CryptoPkg/Library/OpensslLib/OpensslLib/OUTPUT/openssl/crypto/x509/x509_obj.obj
d:/edk2/edk2/Build/OvmfX64/DEBUG_VS2019/X64/CryptoPkg/Library/OpensslLib/OpensslLib/OUTPUT/openssl/crypto/x509/x509_r2x.obj
d:/edk2/edk2/Build/OvmfX64/DEBUG_VS2019/X64/CryptoPkg/Library/OpensslLib/OpensslLib/OUTPUT/openssl/crypto/x509/x509_req.obj
d:/edk2/edk2/Build/OvmfX64/DEBUG_VS2019/X64/CryptoPkg/Library/OpensslLib/OpensslLib/OUTPUT/openssl/crypto/x509/x509_set.obj
d:/edk2/edk2/Build/OvmfX64/DEBUG_VS2019/X64/CryptoPkg/Library/OpensslLib/OpensslLib/OUTPUT/openssl/crypto/x509/x509_trs.obj
d:/edk2/edk2/Build/OvmfX64/DEBUG_VS2019/X64/CryptoPkg/Library/OpensslLib/OpensslLib/OUTPUT/openssl/crypto/x509/x509_txt.obj
d:/edk2/edk2/Build/OvmfX64/DEBUG_VS2019/X64/CryptoPkg/Library/OpensslLib/OpensslLib/OUTPUT/openssl/crypto/x509/x509_v3.obj
d:/edk2/edk2/Build/OvmfX64/DEBUG_VS2019/X64/CryptoPkg/Library/OpensslLib/OpensslLib/OUTPUT/openssl/crypto/x509/x509_vfy.obj
d:/edk2/edk2/Build/OvmfX64/DEBUG_VS2019/X64/CryptoPkg/Library/OpensslLib/OpensslLib/OUTPUT/openssl/crypto/x509/x509_vpm.obj
d:/edk2/edk2/Build/OvmfX64/DEBUG_VS2019/X64/CryptoPkg/Library/OpensslLib/OpensslLib/OUTPUT/openssl/crypto/x509/x509cset.obj
d:/edk2/edk2/Build/OvmfX64/DEBUG_VS2019/X64/CryptoPkg/Library/OpensslLib/OpensslLib/OUTPUT/openssl/crypto/x509/x509name.obj
d:/edk2/edk2/Build/OvmfX64/DEBUG_VS2019/X64/CryptoPkg/Library/OpensslLib/OpensslLib/OUTPUT/openssl/crypto/x509/x509rset.obj
d:/edk2/edk2/Build/OvmfX64/DEBUG_VS2019/X64/CryptoPkg/Library/OpensslLib/OpensslLib/OUTPUT/openssl/crypto/x509/x509spki.obj
d:/edk2/edk2/Build/OvmfX64/DEBUG_VS2019/X64/CryptoPkg/Library/OpensslLib/OpensslLib/OUTPUT/openssl/crypto/x509/x509type.obj
d:/edk2/edk2/Build/OvmfX64/DEBUG_VS2019/X64/CryptoPkg/Library/OpensslLib/OpensslLib/OUTPUT/openssl/crypto/x509/x_all.obj
d:/edk2/edk2/Build/OvmfX64/DEBUG_VS2019/X64/CryptoPkg/Library/OpensslLib/OpensslLib/OUTPUT/openssl/crypto/x509/x_attrib.obj
d:/edk2/edk2/Build/OvmfX64/DEBUG_VS2019/X64/CryptoPkg/Library/OpensslLib/OpensslLib/OUTPUT/openssl/crypto/x509/x_crl.obj
d:/edk2/edk2/Build/OvmfX64/DEBUG_VS2019/X64/CryptoPkg/Library/OpensslLib/OpensslLib/OUTPUT/openssl/crypto/x509/x_exten.obj
d:/edk2/edk2/Build/OvmfX64/DEBUG_VS2019/X64/CryptoPkg/Library/OpensslLib/OpensslLib/OUTPUT/openssl/crypto/x509/x_name.obj
d:/edk2/edk2/Build/OvmfX64/DEBUG_VS2019/X64/CryptoPkg/Library/OpensslLib/OpensslLib/OUTPUT/openssl/crypto/x509/x_pubkey.obj
d:/edk2/edk2/Build/OvmfX64/DEBUG_VS2019/X64/CryptoPkg/Library/OpensslLib/OpensslLib/OUTPUT/openssl/crypto/x509/x_req.obj
d:/edk2/edk2/Build/OvmfX64/DEBUG_VS2019/X64/CryptoPkg/Library/OpensslLib/OpensslLib/OUTPUT/openssl/crypto/x509/x_x509.obj
d:/edk2/edk2/Build/OvmfX64/DEBUG_VS2019/X64/CryptoPkg/Library/OpensslLib/OpensslLib/OUTPUT/openssl/crypto/x509/x_x509a.obj
d:/edk2/edk2/Build/OvmfX64/DEBUG_VS2019/X64/CryptoPkg/Library/OpensslLib/OpensslLib/OUTPUT/openssl/crypto/x509v3/pcy_cache.obj
d:/edk2/edk2/Build/OvmfX64/DEBUG_VS2019/X64/CryptoPkg/Library/OpensslLib/OpensslLib/OUTPUT/openssl/crypto/x509v3/pcy_data.obj
d:/edk2/edk2/Build/OvmfX64/DEBUG_VS2019/X64/CryptoPkg/Library/OpensslLib/OpensslLib/OUTPUT/openssl/crypto/x509v3/pcy_lib.obj
d:/edk2/edk2/Build/OvmfX64/DEBUG_VS2019/X64/CryptoPkg/Library/OpensslLib/OpensslLib/OUTPUT/openssl/crypto/x509v3/pcy_map.obj
d:/edk2/edk2/Build/OvmfX64/DEBUG_VS2019/X64/CryptoPkg/Library/OpensslLib/OpensslLib/OUTPUT/openssl/crypto/x509v3/pcy_node.obj
d:/edk2/edk2/Build/OvmfX64/DEBUG_VS2019/X64/CryptoPkg/Library/OpensslLib/OpensslLib/OUTPUT/openssl/crypto/x509v3/pcy_tree.obj
d:/edk2/edk2/Build/OvmfX64/DEBUG_VS2019/X64/CryptoPkg/Library/OpensslLib/OpensslLib/OUTPUT/openssl/crypto/x509v3/v3_addr.obj
d:/edk2/edk2/Build/OvmfX64/DEBUG_VS2019/X64/CryptoPkg/Library/OpensslLib/OpensslLib/OUTPUT/openssl/crypto/x509v3/v3_admis.obj
d:/edk2/edk2/Build/OvmfX64/DEBUG_VS2019/X64/CryptoPkg/Library/OpensslLib/OpensslLib/OUTPUT/openssl/crypto/x509v3/v3_akey.obj
d:/edk2/edk2/Build/OvmfX64/DEBUG_VS2019/X64/CryptoPkg/Library/OpensslLib/OpensslLib/OUTPUT/openssl/crypto/x509v3/v3_akeya.obj
d:/edk2/edk2/Build/OvmfX64/DEBUG_VS2019/X64/CryptoPkg/Library/OpensslLib/OpensslLib/OUTPUT/openssl/crypto/x509v3/v3_alt.obj
d:/edk2/edk2/Build/OvmfX64/DEBUG_VS2019/X64/CryptoPkg/Library/OpensslLib/OpensslLib/OUTPUT/openssl/crypto/x509v3/v3_asid.obj
d:/edk2/edk2/Build/OvmfX64/DEBUG_VS2019/X64/CryptoPkg/Library/OpensslLib/OpensslLib/OUTPUT/openssl/crypto/x509v3/v3_bcons.obj
d:/edk2/edk2/Build/OvmfX64/DEBUG_VS2019/X64/CryptoPkg/Library/OpensslLib/OpensslLib/OUTPUT/openssl/crypto/x509v3/v3_bitst.obj
d:/edk2/edk2/Build/OvmfX64/DEBUG_VS2019/X64/CryptoPkg/Library/OpensslLib/OpensslLib/OUTPUT/openssl/crypto/x509v3/v3_conf.obj
d:/edk2/edk2/Build/OvmfX64/DEBUG_VS2019/X64/CryptoPkg/Library/OpensslLib/OpensslLib/OUTPUT/openssl/crypto/x509v3/v3_cpols.obj
d:/edk2/edk2/Build/OvmfX64/DEBUG_VS2019/X64/CryptoPkg/Library/OpensslLib/OpensslLib/OUTPUT/openssl/crypto/x509v3/v3_crld.obj
d:/edk2/edk2/Build/OvmfX64/DEBUG_VS2019/X64/CryptoPkg/Library/OpensslLib/OpensslLib/OUTPUT/openssl/crypto/x509v3/v3_enum.obj
d:/edk2/edk2/Build/OvmfX64/DEBUG_VS2019/X64/CryptoPkg/Library/OpensslLib/OpensslLib/OUTPUT/openssl/crypto/x509v3/v3_extku.obj
d:/edk2/edk2/Build/OvmfX64/DEBUG_VS2019/X64/CryptoPkg/Library/OpensslLib/OpensslLib/OUTPUT/openssl/crypto/x509v3/v3_genn.obj
d:/edk2/edk2/Build/OvmfX64/DEBUG_VS2019/X64/CryptoPkg/Library/OpensslLib/OpensslLib/OUTPUT/openssl/crypto/x509v3/v3_ia5.obj
d:/edk2/edk2/Build/OvmfX64/DEBUG_VS2019/X64/CryptoPkg/Library/OpensslLib/OpensslLib/OUTPUT/openssl/crypto/x509v3/v3_info.obj
d:/edk2/edk2/Build/OvmfX64/DEBUG_VS2019/X64/CryptoPkg/Library/OpensslLib/OpensslLib/OUTPUT/openssl/crypto/x509v3/v3_int.obj
d:/edk2/edk2/Build/OvmfX64/DEBUG_VS2019/X64/CryptoPkg/Library/OpensslLib/OpensslLib/OUTPUT/openssl/crypto/x509v3/v3_lib.obj
d:/edk2/edk2/Build/OvmfX64/DEBUG_VS2019/X64/CryptoPkg/Library/OpensslLib/OpensslLib/OUTPUT/openssl/crypto/x509v3/v3_ncons.obj
d:/edk2/edk2/Build/OvmfX64/DEBUG_VS2019/X64/CryptoPkg/Library/OpensslLib/OpensslLib/OUTPUT/openssl/crypto/x509v3/v3_pci.obj
d:/edk2/edk2/Build/OvmfX64/DEBUG_VS2019/X64/CryptoPkg/Library/OpensslLib/OpensslLib/OUTPUT/openssl/crypto/x509v3/v3_pcia.obj
d:/edk2/edk2/Build/OvmfX64/DEBUG_VS2019/X64/CryptoPkg/Library/OpensslLib/OpensslLib/OUTPUT/openssl/crypto/x509v3/v3_pcons.obj
d:/edk2/edk2/Build/OvmfX64/DEBUG_VS2019/X64/CryptoPkg/Library/OpensslLib/OpensslLib/OUTPUT/openssl/crypto/x509v3/v3_pku.obj
d:/edk2/edk2/Build/OvmfX64/DEBUG_VS2019/X64/CryptoPkg/Library/OpensslLib/OpensslLib/OUTPUT/openssl/crypto/x509v3/v3_pmaps.obj
d:/edk2/edk2/Build/OvmfX64/DEBUG_VS2019/X64/CryptoPkg/Library/OpensslLib/OpensslLib/OUTPUT/openssl/crypto/x509v3/v3_prn.obj
d:/edk2/edk2/Build/OvmfX64/DEBUG_VS2019/X64/CryptoPkg/Library/OpensslLib/OpensslLib/OUTPUT/openssl/crypto/x509v3/v3_purp.obj
d:/edk2/edk2/Build/OvmfX64/DEBUG_VS2019/X64/CryptoPkg/Library/OpensslLib/OpensslLib/OUTPUT/openssl/crypto/x509v3/v3_skey.obj
d:/edk2/edk2/Build/OvmfX64/DEBUG_VS2019/X64/CryptoPkg/Library/OpensslLib/OpensslLib/OUTPUT/openssl/crypto/x509v3/v3_sxnet.obj
d:/edk2/edk2/Build/OvmfX64/DEBUG_VS2019/X64/CryptoPkg/Library/OpensslLib/OpensslLib/OUTPUT/openssl/crypto/x509v3/v3_tlsf.obj
d:/edk2/edk2/Build/OvmfX64/DEBUG_VS2019/X64/CryptoPkg/Library/OpensslLib/OpensslLib/OUTPUT/openssl/crypto/x509v3/v3_utl.obj
d:/edk2/edk2/Build/OvmfX64/DEBUG_VS2019/X64/CryptoPkg/Library/OpensslLib/OpensslLib/OUTPUT/openssl/crypto/x509v3/v3err.obj
d:/edk2/edk2/Build/OvmfX64/DEBUG_VS2019/X64/CryptoPkg/Library/OpensslLib/OpensslLib/OUTPUT/openssl/ssl/bio_ssl.obj
d:/edk2/edk2/Build/OvmfX64/DEBUG_VS2019/X64/CryptoPkg/Library/OpensslLib/OpensslLib/OUTPUT/openssl/ssl/d1_lib.obj
d:/edk2/edk2/Build/OvmfX64/DEBUG_VS2019/X64/CryptoPkg/Library/OpensslLib/OpensslLib/OUTPUT/openssl/ssl/d1_msg.obj
d:/edk2/edk2/Build/OvmfX64/DEBUG_VS2019/X64/CryptoPkg/Library/OpensslLib/OpensslLib/OUTPUT/openssl/ssl/d1_srtp.obj
d:/edk2/edk2/Build/OvmfX64/DEBUG_VS2019/X64/CryptoPkg/Library/OpensslLib/OpensslLib/OUTPUT/openssl/ssl/methods.obj
d:/edk2/edk2/Build/OvmfX64/DEBUG_VS2019/X64/CryptoPkg/Library/OpensslLib/OpensslLib/OUTPUT/openssl/ssl/packet.obj
d:/edk2/edk2/Build/OvmfX64/DEBUG_VS2019/X64/CryptoPkg/Library/OpensslLib/OpensslLib/OUTPUT/openssl/ssl/pqueue.obj
d:/edk2/edk2/Build/OvmfX64/DEBUG_VS2019/X64/CryptoPkg/Library/OpensslLib/OpensslLib/OUTPUT/openssl/ssl/record/dtls1_bitmap.obj
d:/edk2/edk2/Build/OvmfX64/DEBUG_VS2019/X64/CryptoPkg/Library/OpensslLib/OpensslLib/OUTPUT/openssl/ssl/record/rec_layer_d1.obj
d:/edk2/edk2/Build/OvmfX64/DEBUG_VS2019/X64/CryptoPkg/Library/OpensslLib/OpensslLib/OUTPUT/openssl/ssl/record/rec_layer_s3.obj
d:/edk2/edk2/Build/OvmfX64/DEBUG_VS2019/X64/CryptoPkg/Library/OpensslLib/OpensslLib/OUTPUT/openssl/ssl/record/ssl3_buffer.obj
d:/edk2/edk2/Build/OvmfX64/DEBUG_VS2019/X64/CryptoPkg/Library/OpensslLib/OpensslLib/OUTPUT/openssl/ssl/record/ssl3_record.obj
d:/edk2/edk2/Build/OvmfX64/DEBUG_VS2019/X64/CryptoPkg/Library/OpensslLib/OpensslLib/OUTPUT/openssl/ssl/record/ssl3_record_tls13.obj
d:/edk2/edk2/Build/OvmfX64/DEBUG_VS2019/X64/CryptoPkg/Library/OpensslLib/OpensslLib/OUTPUT/openssl/ssl/s3_cbc.obj
d:/edk2/edk2/Build/OvmfX64/DEBUG_VS2019/X64/CryptoPkg/Library/OpensslLib/OpensslLib/OUTPUT/openssl/ssl/s3_enc.obj
d:/edk2/edk2/Build/OvmfX64/DEBUG_VS2019/X64/CryptoPkg/Library/OpensslLib/OpensslLib/OUTPUT/openssl/ssl/s3_lib.obj
d:/edk2/edk2/Build/OvmfX64/DEBUG_VS2019/X64/CryptoPkg/Library/OpensslLib/OpensslLib/OUTPUT/openssl/ssl/s3_msg.obj
d:/edk2/edk2/Build/OvmfX64/DEBUG_VS2019/X64/CryptoPkg/Library/OpensslLib/OpensslLib/OUTPUT/openssl/ssl/ssl_asn1.obj
d:/edk2/edk2/Build/OvmfX64/DEBUG_VS2019/X64/CryptoPkg/Library/OpensslLib/OpensslLib/OUTPUT/openssl/ssl/ssl_cert.obj
d:/edk2/edk2/Build/OvmfX64/DEBUG_VS2019/X64/CryptoPkg/Library/OpensslLib/OpensslLib/OUTPUT/openssl/ssl/ssl_ciph.obj
d:/edk2/edk2/Build/OvmfX64/DEBUG_VS2019/X64/CryptoPkg/Library/OpensslLib/OpensslLib/OUTPUT/openssl/ssl/ssl_conf.obj
d:/edk2/edk2/Build/OvmfX64/DEBUG_VS2019/X64/CryptoPkg/Library/OpensslLib/OpensslLib/OUTPUT/openssl/ssl/ssl_err.obj
d:/edk2/edk2/Build/OvmfX64/DEBUG_VS2019/X64/CryptoPkg/Library/OpensslLib/OpensslLib/OUTPUT/openssl/ssl/ssl_init.obj
d:/edk2/edk2/Build/OvmfX64/DEBUG_VS2019/X64/CryptoPkg/Library/OpensslLib/OpensslLib/OUTPUT/openssl/ssl/ssl_lib.obj
d:/edk2/edk2/Build/OvmfX64/DEBUG_VS2019/X64/CryptoPkg/Library/OpensslLib/OpensslLib/OUTPUT/openssl/ssl/ssl_mcnf.obj
d:/edk2/edk2/Build/OvmfX64/DEBUG_VS2019/X64/CryptoPkg/Library/OpensslLib/OpensslLib/OUTPUT/openssl/ssl/ssl_rsa.obj
d:/edk2/edk2/Build/OvmfX64/DEBUG_VS2019/X64/CryptoPkg/Library/OpensslLib/OpensslLib/OUTPUT/openssl/ssl/ssl_sess.obj
d:/edk2/edk2/Build/OvmfX64/DEBUG_VS2019/X64/CryptoPkg/Library/OpensslLib/OpensslLib/OUTPUT/openssl/ssl/ssl_stat.obj
d:/edk2/edk2/Build/OvmfX64/DEBUG_VS2019/X64/CryptoPkg/Library/OpensslLib/OpensslLib/OUTPUT/openssl/ssl/ssl_txt.obj
d:/edk2/edk2/Build/OvmfX64/DEBUG_VS2019/X64/CryptoPkg/Library/OpensslLib/OpensslLib/OUTPUT/openssl/ssl/ssl_utst.obj
d:/edk2/edk2/Build/OvmfX64/DEBUG_VS2019/X64/CryptoPkg/Library/OpensslLib/OpensslLib/OUTPUT/openssl/ssl/statem/extensions.obj
d:/edk2/edk2/Build/OvmfX64/DEBUG_VS2019/X64/CryptoPkg/Library/OpensslLib/OpensslLib/OUTPUT/openssl/ssl/statem/extensions_clnt.obj
d:/edk2/edk2/Build/OvmfX64/DEBUG_VS2019/X64/CryptoPkg/Library/OpensslLib/OpensslLib/OUTPUT/openssl/ssl/statem/extensions_cust.obj
d:/edk2/edk2/Build/OvmfX64/DEBUG_VS2019/X64/CryptoPkg/Library/OpensslLib/OpensslLib/OUTPUT/openssl/ssl/statem/extensions_srvr.obj
d:/edk2/edk2/Build/OvmfX64/DEBUG_VS2019/X64/CryptoPkg/Library/OpensslLib/OpensslLib/OUTPUT/openssl/ssl/statem/statem.obj
d:/edk2/edk2/Build/OvmfX64/DEBUG_VS2019/X64/CryptoPkg/Library/OpensslLib/OpensslLib/OUTPUT/openssl/ssl/statem/statem_clnt.obj
d:/edk2/edk2/Build/OvmfX64/DEBUG_VS2019/X64/CryptoPkg/Library/OpensslLib/OpensslLib/OUTPUT/openssl/ssl/statem/statem_dtls.obj
d:/edk2/edk2/Build/OvmfX64/DEBUG_VS2019/X64/CryptoPkg/Library/OpensslLib/OpensslLib/OUTPUT/openssl/ssl/statem/statem_lib.obj
d:/edk2/edk2/Build/OvmfX64/DEBUG_VS2019/X64/CryptoPkg/Library/OpensslLib/OpensslLib/OUTPUT/openssl/ssl/statem/statem_srvr.obj
d:/edk2/edk2/Build/OvmfX64/DEBUG_VS2019/X64/CryptoPkg/Library/OpensslLib/OpensslLib/OUTPUT/openssl/ssl/t1_enc.obj
d:/edk2/edk2/Build/OvmfX64/DEBUG_VS2019/X64/CryptoPkg/Library/OpensslLib/OpensslLib/OUTPUT/openssl/ssl/t1_lib.obj
d:/edk2/edk2/Build/OvmfX64/DEBUG_VS2019/X64/CryptoPkg/Library/OpensslLib/OpensslLib/OUTPUT/openssl/ssl/t1_trce.obj
d:/edk2/edk2/Build/OvmfX64/DEBUG_VS2019/X64/CryptoPkg/Library/OpensslLib/OpensslLib/OUTPUT/openssl/ssl/tls13_enc.obj
d:/edk2/edk2/Build/OvmfX64/DEBUG_VS2019/X64/CryptoPkg/Library/OpensslLib/OpensslLib/OUTPUT/openssl/ssl/tls_srp.obj
d:/edk2/edk2/Build/OvmfX64/DEBUG_VS2019/X64/CryptoPkg/Library/OpensslLib/OpensslLib/OUTPUT/ossl_store.obj
d:/edk2/edk2/Build/OvmfX64/DEBUG_VS2019/X64/CryptoPkg/Library/OpensslLib/OpensslLib/OUTPUT/rand_pool.obj