d:/edk2/edk2/Build/Mde/RELEASE_VS2019/X64/MdePkg/Library/BaseMemoryLibOptDxe/BaseMemoryLibOptDxe/OUTPUT/X64/ScanMem64.obj
d:/edk2/edk2/Build/Mde/RELEASE_VS2019/X64/MdePkg/Library/BaseMemoryLibOptDxe/BaseMemoryLibOptDxe/OUTPUT/X64/ScanMem32.obj
d:/edk2/edk2/Build/Mde/RELEASE_VS2019/X64/MdePkg/Library/BaseMemoryLibOptDxe/BaseMemoryLibOptDxe/OUTPUT/X64/ScanMem16.obj
d:/edk2/edk2/Build/Mde/RELEASE_VS2019/X64/MdePkg/Library/BaseMemoryLibOptDxe/BaseMemoryLibOptDxe/OUTPUT/X64/ScanMem8.obj
d:/edk2/edk2/Build/Mde/RELEASE_VS2019/X64/MdePkg/Library/BaseMemoryLibOptDxe/BaseMemoryLibOptDxe/OUTPUT/X64/CompareMem.obj
d:/edk2/edk2/Build/Mde/RELEASE_VS2019/X64/MdePkg/Library/BaseMemoryLibOptDxe/BaseMemoryLibOptDxe/OUTPUT/X64/ZeroMem.obj
d:/edk2/edk2/Build/Mde/RELEASE_VS2019/X64/MdePkg/Library/BaseMemoryLibOptDxe/BaseMemoryLibOptDxe/OUTPUT/X64/SetMem64.obj
d:/edk2/edk2/Build/Mde/RELEASE_VS2019/X64/MdePkg/Library/BaseMemoryLibOptDxe/BaseMemoryLibOptDxe/OUTPUT/X64/SetMem32.obj
d:/edk2/edk2/Build/Mde/RELEASE_VS2019/X64/MdePkg/Library/BaseMemoryLibOptDxe/BaseMemoryLibOptDxe/OUTPUT/X64/SetMem16.obj
d:/edk2/edk2/Build/Mde/RELEASE_VS2019/X64/MdePkg/Library/BaseMemoryLibOptDxe/BaseMemoryLibOptDxe/OUTPUT/X64/SetMem.obj
d:/edk2/edk2/Build/Mde/RELEASE_VS2019/X64/MdePkg/Library/BaseMemoryLibOptDxe/BaseMemoryLibOptDxe/OUTPUT/X64/CopyMem.obj
d:/edk2/edk2/Build/Mde/RELEASE_VS2019/X64/MdePkg/Library/BaseMemoryLibOptDxe/BaseMemoryLibOptDxe/OUTPUT/X64/IsZeroBuffer.obj
d:/edk2/edk2/Build/Mde/RELEASE_VS2019/X64/MdePkg/Library/BaseMemoryLibOptDxe/BaseMemoryLibOptDxe/OUTPUT/MemLibGuid.obj
d:/edk2/edk2/Build/Mde/RELEASE_VS2019/X64/MdePkg/Library/BaseMemoryLibOptDxe/BaseMemoryLibOptDxe/OUTPUT/ScanMem64Wrapper.obj
d:/edk2/edk2/Build/Mde/RELEASE_VS2019/X64/MdePkg/Library/BaseMemoryLibOptDxe/BaseMemoryLibOptDxe/OUTPUT/ScanMem32Wrapper.obj
d:/edk2/edk2/Build/Mde/RELEASE_VS2019/X64/MdePkg/Library/BaseMemoryLibOptDxe/BaseMemoryLibOptDxe/OUTPUT/ScanMem16Wrapper.obj
d:/edk2/edk2/Build/Mde/RELEASE_VS2019/X64/MdePkg/Library/BaseMemoryLibOptDxe/BaseMemoryLibOptDxe/OUTPUT/ScanMem8Wrapper.obj
d:/edk2/edk2/Build/Mde/RELEASE_VS2019/X64/MdePkg/Library/BaseMemoryLibOptDxe/BaseMemoryLibOptDxe/OUTPUT/ZeroMemWrapper.obj
d:/edk2/edk2/Build/Mde/RELEASE_VS2019/X64/MdePkg/Library/BaseMemoryLibOptDxe/BaseMemoryLibOptDxe/OUTPUT/CompareMemWrapper.obj
d:/edk2/edk2/Build/Mde/RELEASE_VS2019/X64/MdePkg/Library/BaseMemoryLibOptDxe/BaseMemoryLibOptDxe/OUTPUT/SetMem64Wrapper.obj
d:/edk2/edk2/Build/Mde/RELEASE_VS2019/X64/MdePkg/Library/BaseMemoryLibOptDxe/BaseMemoryLibOptDxe/OUTPUT/SetMem32Wrapper.obj
d:/edk2/edk2/Build/Mde/RELEASE_VS2019/X64/MdePkg/Library/BaseMemoryLibOptDxe/BaseMemoryLibOptDxe/OUTPUT/SetMem16Wrapper.obj
d:/edk2/edk2/Build/Mde/RELEASE_VS2019/X64/MdePkg/Library/BaseMemoryLibOptDxe/BaseMemoryLibOptDxe/OUTPUT/SetMemWrapper.obj
d:/edk2/edk2/Build/Mde/RELEASE_VS2019/X64/MdePkg/Library/BaseMemoryLibOptDxe/BaseMemoryLibOptDxe/OUTPUT/CopyMemWrapper.obj
d:/edk2/edk2/Build/Mde/RELEASE_VS2019/X64/MdePkg/Library/BaseMemoryLibOptDxe/BaseMemoryLibOptDxe/OUTPUT/IsZeroBufferWrapper.obj