d:/edk2/edk2/Build/OvmfX64/RELEASE_VS2019/X64/MdeModulePkg/Universal/BdsDxe/BdsDxe/OUTPUT/BdsDxe.lib
d:/edk2/edk2/Build/OvmfX64/RELEASE_VS2019/X64/MdePkg/Library/RegisterFilterLibNull/RegisterFilterLibNull/OUTPUT/FilterLibNull.lib
d:/edk2/edk2/Build/OvmfX64/RELEASE_VS2019/X64/UefiCpuPkg/Library/BaseUefiCpuLib/BaseUefiCpuLib/OUTPUT/BaseUefiCpuLib.lib
d:/edk2/edk2/Build/OvmfX64/RELEASE_VS2019/X64/UefiCpuPkg/Library/BaseXApicX2ApicLib/BaseXApicX2ApicLib/OUTPUT/BaseXApicX2ApicLib.lib
d:/edk2/edk2/Build/OvmfX64/RELEASE_VS2019/X64/OvmfPkg/Library/VmgExitLib/VmgExitLib/OUTPUT/VmgExitLib.lib
d:/edk2/edk2/Build/OvmfX64/RELEASE_VS2019/X64/MdePkg/Library/BaseCpuLib/BaseCpuLib/OUTPUT/BaseCpuLib.lib
d:/edk2/edk2/Build/OvmfX64/RELEASE_VS2019/X64/MdePkg/Library/BaseCacheMaintenanceLib/BaseCacheMaintenanceLib/OUTPUT/BaseCacheMaintenanceLib.lib
d:/edk2/edk2/Build/OvmfX64/RELEASE_VS2019/X64/OvmfPkg/Library/BaseMemEncryptSevLib/DxeMemEncryptSevLib/OUTPUT/DxeMemEncryptSevLib.lib
d:/edk2/edk2/Build/OvmfX64/RELEASE_VS2019/X64/MdePkg/Library/BaseIoLibIntrinsic/BaseIoLibIntrinsicSev/OUTPUT/BaseIoLibIntrinsicSev.lib
d:/edk2/edk2/Build/OvmfX64/RELEASE_VS2019/X64/MdePkg/Library/DxePcdLib/DxePcdLib/OUTPUT/DxePcdLib.lib
d:/edk2/edk2/Build/OvmfX64/RELEASE_VS2019/X64/MdePkg/Library/BaseMemoryLibRepStr/BaseMemoryLibRepStr/OUTPUT/BaseMemoryLibRepStr.lib
d:/edk2/edk2/Build/OvmfX64/RELEASE_VS2019/X64/MdePkg/Library/UefiMemoryAllocationLib/UefiMemoryAllocationLib/OUTPUT/UefiMemoryAllocationLib.lib
d:/edk2/edk2/Build/OvmfX64/RELEASE_VS2019/X64/MdePkg/Library/BaseLib/BaseLib/OUTPUT/BaseLib.lib
d:/edk2/edk2/Build/OvmfX64/RELEASE_VS2019/X64/MdePkg/Library/BaseDebugPrintErrorLevelLib/BaseDebugPrintErrorLevelLib/OUTPUT/BaseDebugPrintErrorLevelLib.lib
d:/edk2/edk2/Build/OvmfX64/RELEASE_VS2019/X64/MdePkg/Library/BasePrintLib/BasePrintLib/OUTPUT/BasePrintLib.lib
d:/edk2/edk2/Build/OvmfX64/RELEASE_VS2019/X64/OvmfPkg/Library/PlatformDebugLibIoPort/PlatformDebugLibIoPort/OUTPUT/PlatformDebugLibIoPort.lib
d:/edk2/edk2/Build/OvmfX64/RELEASE_VS2019/X64/MdePkg/Library/UefiBootServicesTableLib/UefiBootServicesTableLib/OUTPUT/UefiBootServicesTableLib.lib
d:/edk2/edk2/Build/OvmfX64/RELEASE_VS2019/X64/MdePkg/Library/BasePciExpressLib/BasePciExpressLib/OUTPUT/BasePciExpressLib.lib
d:/edk2/edk2/Build/OvmfX64/RELEASE_VS2019/X64/MdePkg/Library/BasePciCf8Lib/BasePciCf8Lib/OUTPUT/BasePciCf8Lib.lib
d:/edk2/edk2/Build/OvmfX64/RELEASE_VS2019/X64/OvmfPkg/Library/DxePciLibI440FxQ35/DxePciLibI440FxQ35/OUTPUT/DxePciLibI440FxQ35.lib
d:/edk2/edk2/Build/OvmfX64/RELEASE_VS2019/X64/OvmfPkg/Library/AcpiTimerLib/DxeAcpiTimerLib/OUTPUT/DxeAcpiTimerLib.lib
d:/edk2/edk2/Build/OvmfX64/RELEASE_VS2019/X64/MdePkg/Library/UefiRuntimeServicesTableLib/UefiRuntimeServicesTableLib/OUTPUT/UefiRuntimeServicesTableLib.lib
d:/edk2/edk2/Build/OvmfX64/RELEASE_VS2019/X64/MdePkg/Library/UefiDevicePathLibDevicePathProtocol/UefiDevicePathLibDevicePathProtocol/OUTPUT/UefiDevicePathLibDevicePathProtocol.lib
d:/edk2/edk2/Build/OvmfX64/RELEASE_VS2019/X64/MdePkg/Library/UefiLib/UefiLib/OUTPUT/UefiLib.lib
d:/edk2/edk2/Build/OvmfX64/RELEASE_VS2019/X64/MdePkg/Library/DxeHobLib/DxeHobLib/OUTPUT/DxeHobLib.lib
d:/edk2/edk2/Build/OvmfX64/RELEASE_VS2019/X64/MdeModulePkg/Library/UefiHiiServicesLib/UefiHiiServicesLib/OUTPUT/UefiHiiServicesLib.lib
d:/edk2/edk2/Build/OvmfX64/RELEASE_VS2019/X64/SecurityPkg/Library/Tpm2DeviceLibTcg2/Tpm2DeviceLibTcg2/OUTPUT/Tpm2DeviceLibTcg2.lib
d:/edk2/edk2/Build/OvmfX64/RELEASE_VS2019/X64/MdeModulePkg/Library/UefiSortLib/UefiSortLib/OUTPUT/UefiSortLib.lib
d:/edk2/edk2/Build/OvmfX64/RELEASE_VS2019/X64/MdePkg/Library/DxeServicesLib/DxeServicesLib/OUTPUT/DxeServicesLib.lib
d:/edk2/edk2/Build/OvmfX64/RELEASE_VS2019/X64/MdePkg/Library/BasePeCoffGetEntryPointLib/BasePeCoffGetEntryPointLib/OUTPUT/BasePeCoffGetEntryPointLib.lib
d:/edk2/edk2/Build/OvmfX64/RELEASE_VS2019/X64/MdePkg/Library/BasePerformanceLibNull/BasePerformanceLibNull/OUTPUT/BasePerformanceLibNull.lib
d:/edk2/edk2/Build/OvmfX64/RELEASE_VS2019/X64/MdeModulePkg/Library/UefiHiiLib/UefiHiiLib/OUTPUT/UefiHiiLib.lib
d:/edk2/edk2/Build/OvmfX64/RELEASE_VS2019/X64/MdePkg/Library/DxeServicesTableLib/DxeServicesTableLib/OUTPUT/DxeServicesTableLib.lib
d:/edk2/edk2/Build/OvmfX64/RELEASE_VS2019/X64/MdeModulePkg/Library/DxeReportStatusCodeLib/DxeReportStatusCodeLib/OUTPUT/DxeReportStatusCodeLib.lib
d:/edk2/edk2/Build/OvmfX64/RELEASE_VS2019/X64/SecurityPkg/Library/Tpm2CommandLib/Tpm2CommandLib/OUTPUT/Tpm2CommandLib.lib
d:/edk2/edk2/Build/OvmfX64/RELEASE_VS2019/X64/OvmfPkg/Library/QemuFwCfgLib/QemuFwCfgDxeLib/OUTPUT/QemuFwCfgDxeLib.lib
d:/edk2/edk2/Build/OvmfX64/RELEASE_VS2019/X64/MdeModulePkg/Library/UefiBootManagerLib/UefiBootManagerLib/OUTPUT/UefiBootManagerLib.lib
d:/edk2/edk2/Build/OvmfX64/RELEASE_VS2019/X64/MdePkg/Library/BaseOrderedCollectionRedBlackTreeLib/BaseOrderedCollectionRedBlackTreeLib/OUTPUT/BaseOrderedCollectionRedBlackTreeLib.lib
d:/edk2/edk2/Build/OvmfX64/RELEASE_VS2019/X64/OvmfPkg/Library/LoadLinuxLib/LoadLinuxLib/OUTPUT/LoadLinuxLib.lib
d:/edk2/edk2/Build/OvmfX64/RELEASE_VS2019/X64/OvmfPkg/Library/SerializeVariablesLib/SerializeVariablesLib/OUTPUT/DxeSerializeVariablesLib.lib
d:/edk2/edk2/Build/OvmfX64/RELEASE_VS2019/X64/MdePkg/Library/UefiFileHandleLib/UefiFileHandleLib/OUTPUT/UefiFileHandleLib.lib
d:/edk2/edk2/Build/OvmfX64/RELEASE_VS2019/X64/OvmfPkg/Library/XenPlatformLib/XenPlatformLib/OUTPUT/XenPlatformLib.lib
d:/edk2/edk2/Build/OvmfX64/RELEASE_VS2019/X64/OvmfPkg/Library/Tcg2PhysicalPresenceLibQemu/DxeTcg2PhysicalPresenceLib/OUTPUT/Tcg2PhysicalPresenceLibQemu.lib
d:/edk2/edk2/Build/OvmfX64/RELEASE_VS2019/X64/OvmfPkg/Library/PlatformBmPrintScLib/PlatformBmPrintScLib/OUTPUT/PlatformBmPrintScLib.lib
d:/edk2/edk2/Build/OvmfX64/RELEASE_VS2019/X64/OvmfPkg/Library/QemuBootOrderLib/QemuBootOrderLib/OUTPUT/QemuBootOrderLib.lib
d:/edk2/edk2/Build/OvmfX64/RELEASE_VS2019/X64/OvmfPkg/Library/X86QemuLoadImageLib/X86QemuLoadImageLib/OUTPUT/X86QemuLoadImageLib.lib
d:/edk2/edk2/Build/OvmfX64/RELEASE_VS2019/X64/OvmfPkg/Library/QemuFwCfgS3Lib/DxeQemuFwCfgS3LibFwCfg/OUTPUT/DxeQemuFwCfgS3LibFwCfg.lib
d:/edk2/edk2/Build/OvmfX64/RELEASE_VS2019/X64/OvmfPkg/Library/NvVarsFileLib/NvVarsFileLib/OUTPUT/NvVarsFileLib.lib
d:/edk2/edk2/Build/OvmfX64/RELEASE_VS2019/X64/MdeModulePkg/Library/BootLogoLib/BootLogoLib/OUTPUT/BootLogoLib.lib
d:/edk2/edk2/Build/OvmfX64/RELEASE_VS2019/X64/MdePkg/Library/UefiDriverEntryPoint/UefiDriverEntryPoint/OUTPUT/UefiDriverEntryPoint.lib
d:/edk2/edk2/Build/OvmfX64/RELEASE_VS2019/X64/MdeModulePkg/Library/VariablePolicyHelperLib/VariablePolicyHelperLib/OUTPUT/VariablePolicyHelperLib.lib
d:/edk2/edk2/Build/OvmfX64/RELEASE_VS2019/X64/OvmfPkg/Library/PlatformBootManagerLib/PlatformBootManagerLib/OUTPUT/PlatformBootManagerLib.lib